|---- jetToolbox: Initializing collection... (with postfix )
|---- jetToolBox: Adding these btag discriminators: ['pfCombinedInclusiveSecondaryVertexV2BJetTags'] in the jet collection.
|---- jetToolBox: JETTOOLBOX RUNNING ON MiniAOD FOR AK8 JETS USING CHS
|---- jetToolBox: Applying these corrections: ('AK8PFchs', ['L1FastJet', 'L2Relative', 'L3Absolute'], 'None')
|---- jetToolBox: Running ak8PFJetsCHSPrunedMass, NjettinessAK8CHS.
|---- jetToolBox: Creating selectedPatJetsAK8PFCHS collection.
|---- jetToolbox: Initializing collection... (with postfix )
|---- jetToolBox: Adding these btag discriminators: ['pfCombinedInclusiveSecondaryVertexV2BJetTags'] in the jet collection.
|---- jetToolBox: JETTOOLBOX RUNNING ON MiniAOD FOR AK4 JETS USING CHS
|---- jetToolBox: Applying these corrections: ('AK4PFchs', ['L1FastJet', 'L2Relative', 'L3Absolute'], 'None')
|---- jetToolBox: Running ak4PFJetsCHSPrunedMass, NjettinessAK4CHS.
|---- jetToolBox: Creating selectedPatJetsAK4PFCHS collection.
DEBUG 2019-06-19 10:11:17,104: 	 Executing command: 'submit'
DEBUG 2019-06-19 10:11:17,104: 	 Found CRAB cache file /home/users/rebassoo/.crab3
DEBUG 2019-06-19 10:11:17,111: 	 Checking credentials
DEBUG 2019-06-19 10:11:17,112: 	 Found proxy file /tmp/x509up_u31045
DEBUG 2019-06-19 10:11:17,112: 	 Getting proxy life time left
DEBUG 2019-06-19 10:11:17,217: 	 Executing : 
 command : voms-proxy-info -file /tmp/x509up_u31045 -timeleft
 output : 167496

 error: 
 retcode : 0
DEBUG 2019-06-19 10:11:17,322: 	 Executing : 
 command : voms-proxy-info -file /tmp/x509up_u31045 -actimeleft
 output : 167496

 error: 
 retcode : 0
DEBUG 2019-06-19 10:11:17,323: 	 Proxy valid for 46:31:36 hours
DEBUG 2019-06-19 10:11:17,443: 	 Executing : 
 command : openssl x509 -in ~/.globus/usercert.pem -subject -noout
 output : subject= /DC=ch/DC=cern/OU=Organic Units/OU=Users/CN=rebassoo/CN=673313/CN=Finn O'Neill Rebassoo

 error: 
 retcode : 0
DEBUG 2019-06-19 10:11:17,443: 	 Checking credentials
DEBUG 2019-06-19 10:11:17,444: 	 Found proxy file /tmp/x509up_u31045
DEBUG 2019-06-19 10:11:17,444: 	 Getting proxy life time left
DEBUG 2019-06-19 10:11:17,549: 	 Executing : 
 command : voms-proxy-info -file /tmp/x509up_u31045 -timeleft
 output : 167496

 error: 
 retcode : 0
DEBUG 2019-06-19 10:11:17,655: 	 Executing : 
 command : voms-proxy-info -file /tmp/x509up_u31045 -actimeleft
 output : 167496

 error: 
 retcode : 0
DEBUG 2019-06-19 10:11:17,655: 	 Proxy valid for 46:31:36 hours
DEBUG 2019-06-19 10:11:17,760: 	 Executing : 
 command : env X509_USER_PROXY=/tmp/x509up_u31045 voms-proxy-info -fqan
 output : /cms/Role=NULL/Capability=NULL
/cms/uscms/Role=NULL/Capability=NULL

 error: 
 retcode : 0
DEBUG 2019-06-19 10:11:19,705: 	 Registering user credentials for server /DC=ch/DC=cern/OU=computers/CN=vocms(052|058|030|0118|0105|0109).cern.ch|/DC=ch/DC=cern/OU=computers/CN=crab-(preprod|prod)-tw(02|01).cern.ch
DEBUG 2019-06-19 10:11:19,815: 	 Executing : 
 command : openssl x509 -in ~/.globus/usercert.pem -subject -noout
 output : subject= /DC=ch/DC=cern/OU=Organic Units/OU=Users/CN=rebassoo/CN=673313/CN=Finn O'Neill Rebassoo

 error: 
 retcode : 0
DEBUG 2019-06-19 10:11:19,816: 	 Getting myproxy life time left for myproxy.cern.ch
DEBUG 2019-06-19 10:11:19,816: 	 Calculating hash of /DC=ch/DC=cern/OU=Organic Units/OU=Users/CN=rebassoo/CN=673313/CN=Finn O'Neill Rebassoo_cmsweb.cern.ch for credential name
DEBUG 2019-06-19 10:11:21,024: 	 Executing : 
 command : myproxy-info -l 2cc039343dd1b2d91f9f6b695d1c2e340e98a0d3 -s myproxy.cern.ch
 output : username: 2cc039343dd1b2d91f9f6b695d1c2e340e98a0d3
owner: /DC=ch/DC=cern/OU=Organic Units/OU=Users/CN=rebassoo/CN=673313/CN=Finn O'Neill Rebassoo
  renewal policy: /DC=ch/DC=cern/OU=computers/CN=vocms(052|058|030|0118|0105|0109).cern.ch|/DC=ch/DC=cern/OU=computers/CN=crab-(preprod|prod)-tw(02|01).cern.ch
  trusted retrieval policy: /DC=ch/DC=cern/OU=computers/CN=vocms(052|058|030|0118|0105|0109).cern.ch|/DC=ch/DC=cern/OU=computers/CN=crab-(preprod|prod)-tw(02|01).cern.ch
  timeleft: 718:44:08  (29.9 days)

 error: 
 retcode : 0
DEBUG 2019-06-19 10:11:21,024: 	 Myproxy is valid: 2587448
DEBUG 2019-06-19 10:11:21,025: 	 Command use: submit
DEBUG 2019-06-19 10:11:21,025: 	 Options use: ['--config', <WMCore.Configuration.Configuration object at 0x7f00d2c0ba90>]
DEBUG 2019-06-19 10:11:22,940: 	 CRABClient version: 3.3.1904
DEBUG 2019-06-19 10:11:22,940: 	 Instance is prod
DEBUG 2019-06-19 10:11:22,940: 	 Server base url is cmsweb.cern.ch
DEBUG 2019-06-19 10:11:22,940: 	 Command url /crabserver/prod/workflow
DEBUG 2019-06-19 10:11:22,940: 	 Started submission
DEBUG 2019-06-19 10:11:22,940: 	 Working on /home/users/rebassoo/work/2019_03_14_AddingCHSJetsProper/CMSSW_9_4_12/src/SlimmedNtupleDilepton/Ntupler/python/CrabDoubleMu/MC/crab_projects_2019_06_19-MC/crab_DY1JetsToLL_M-50_LHEZpT_400-inf
DEBUG 2019-06-19 10:11:24,842: 	 Loading required information from the environment
DEBUG 2019-06-19 10:11:24,843: 	 Found CMSSW_9_4_12 for slc6_amd64_gcc630 with base /home/users/rebassoo/work/2019_03_14_AddingCHSJetsProper/CMSSW_9_4_12
DEBUG 2019-06-19 10:11:24,843: 	 Loading required information from the environment
DEBUG 2019-06-19 10:11:24,843: 	 Found CMSSW_9_4_12 for slc6_amd64_gcc630 with base /home/users/rebassoo/work/2019_03_14_AddingCHSJetsProper/CMSSW_9_4_12
DEBUG 2019-06-19 10:11:24,856: 	 UNIQUE NAME: tarUUID 5fcc5f8b-03fc-4c23-911a-9fb35a7243ae 
DEBUG 2019-06-19 10:11:24,856: 	 self.config: from WMCore.Configuration import Configuration
config = Configuration()
config.section_('General')
config.General.workArea = 'crab_projects_2019_06_19-MC'
config.General.transferOutputs = True
config.General.transferLogs = True
config.General.requestName = 'DY1JetsToLL_M-50_LHEZpT_400-inf'
config.section_('JobType')
config.JobType.psetName = 'ConfFile_cfg.py'
config.JobType.inputFiles = ['2017-JEC-JER/Fall17_17Nov2017B_V32_DATA_L2L3Residual_AK8PFchs.txt', '2017-JEC-JER/Fall17_17Nov2017B_V32_DATA_L2Relative_AK8PFchs.txt', '2017-JEC-JER/Fall17_17Nov2017B_V32_DATA_L3Absolute_AK8PFchs.txt', '2017-JEC-JER/Fall17_17Nov2017C_V32_DATA_L2L3Residual_AK8PFchs.txt', '2017-JEC-JER/Fall17_17Nov2017C_V32_DATA_L2Relative_AK8PFchs.txt', '2017-JEC-JER/Fall17_17Nov2017C_V32_DATA_L3Absolute_AK8PFchs.txt', '2017-JEC-JER/Fall17_17Nov2017DE_V32_DATA_L2L3Residual_AK8PFchs.txt', '2017-JEC-JER/Fall17_17Nov2017DE_V32_DATA_L2Relative_AK8PFchs.txt', '2017-JEC-JER/Fall17_17Nov2017DE_V32_DATA_L3Absolute_AK8PFchs.txt', '2017-JEC-JER/Fall17_17Nov2017F_V32_DATA_L2L3Residual_AK8PFchs.txt', '2017-JEC-JER/Fall17_17Nov2017F_V32_DATA_L2Relative_AK8PFchs.txt', '2017-JEC-JER/Fall17_17Nov2017F_V32_DATA_L3Absolute_AK8PFchs.txt', '2017-JEC-JER/Fall17_17Nov2017_V32_MC_L1FastJet_AK8PFchs.txt', '2017-JEC-JER/Fall17_17Nov2017_V32_MC_L2Relative_AK8PFchs.txt', '2017-JEC-JER/Fall17_17Nov2017_V32_MC_L3Absolute_AK8PFchs.txt', '2017-JEC-JER/Fall17_V3_MC_PtResolution_AK4PFchs.txt', '2017-JEC-JER/Fall17_V3_MC_PtResolution_AK8PFchs.txt', '2017-JEC-JER/Fall17_V3_MC_SF_AK4PFchs.txt', '2017-JEC-JER/Fall17_V3_MC_SF_AK8PFchs.txt', 'PUHistos_data.root', 'PUHistos_mc.root']
config.JobType.pyCfgParams = ['interactive=0', 'pileupName=DY1JetsToLL_M_50_LHEZpT_400_inf_TuneCP5_13TeV_amcnloFXFX_pythia8']
config.section_('Data')
config.Data.inputDataset = '/DY1JetsToLL_M-50_LHEZpT_400-inf_TuneCP5_13TeV-amcnloFXFX-pythia8/RunIIFall17MiniAODv2-MUOTrackFix_12Apr2018_94X_mc2017_realistic_v14_ext2-v1/MINIAODSIM'
config.Data.unitsPerJob = 5
config.Data.splitting = 'FileBased'
config.Data.outLFNDirBase = '/store/user/rebassoo/'
config.section_('Site')
config.Site.storageSite = 'T2_US_UCSD'
config.section_('User')
config.section_('Debug')

DEBUG 2019-06-19 10:11:24,857: 	 self.config.JobType.psetName: ConfFile_cfg.py
INFO 2019-06-19 10:11:24,857: 	 Importing CMSSW configuration ConfFile_cfg.py
DEBUG 2019-06-19 10:11:24,857: 	 Additional parameters for the CMSSW configuration are: ['interactive=0', 'pileupName=DY1JetsToLL_M_50_LHEZpT_400_inf_TuneCP5_13TeV_amcnloFXFX_pythia8']
INFO 2019-06-19 10:11:25,445: 	 Finished importing CMSSW configuration ConfFile_cfg.py
DEBUG 2019-06-19 10:11:25,446: 	 Writing CMSSW configuration to /home/users/rebassoo/work/2019_03_14_AddingCHSJetsProper/CMSSW_9_4_12/src/SlimmedNtupleDilepton/Ntupler/python/CrabDoubleMu/MC/crab_projects_2019_06_19-MC/crab_DY1JetsToLL_M-50_LHEZpT_400-inf/inputs/PSet.py
DEBUG 2019-06-19 10:11:26,082: 	 The following EDM output files will be collected: []
DEBUG 2019-06-19 10:11:26,082: 	 The following TFile output files will be collected: ['SlimmedNtuple.root']
DEBUG 2019-06-19 10:11:26,082: 	 The following user output files will be collected: []
DEBUG 2019-06-19 10:11:26,082: 	 Loading required information from the environment
DEBUG 2019-06-19 10:11:26,082: 	 Found CMSSW_9_4_12 for slc6_amd64_gcc630 with base /home/users/rebassoo/work/2019_03_14_AddingCHSJetsProper/CMSSW_9_4_12
DEBUG 2019-06-19 10:11:26,083: 	 Making tarball in /home/users/rebassoo/work/2019_03_14_AddingCHSJetsProper/CMSSW_9_4_12/src/SlimmedNtupleDilepton/Ntupler/python/CrabDoubleMu/MC/crab_projects_2019_06_19-MC/crab_DY1JetsToLL_M-50_LHEZpT_400-inf/inputs/5fcc5f8b-03fc-4c23-911a-9fb35a7243aedefault.tgz
DEBUG 2019-06-19 10:11:26,083: 	 Checking directory /home/users/rebassoo/work/2019_03_14_AddingCHSJetsProper/CMSSW_9_4_12/lib
DEBUG 2019-06-19 10:11:26,083: 	 Adding directory /home/users/rebassoo/work/2019_03_14_AddingCHSJetsProper/CMSSW_9_4_12/lib to tarball
DEBUG 2019-06-19 10:11:29,209: 	 Checking directory /home/users/rebassoo/work/2019_03_14_AddingCHSJetsProper/CMSSW_9_4_12/biglib
DEBUG 2019-06-19 10:11:29,209: 	 Adding directory /home/users/rebassoo/work/2019_03_14_AddingCHSJetsProper/CMSSW_9_4_12/biglib to tarball
DEBUG 2019-06-19 10:11:29,210: 	 Checking directory /home/users/rebassoo/work/2019_03_14_AddingCHSJetsProper/CMSSW_9_4_12/module
DEBUG 2019-06-19 10:11:29,253: 	 Adding data directory /home/users/rebassoo/work/2019_03_14_AddingCHSJetsProper/CMSSW_9_4_12/src/CondFormats/CTPPSOpticsObjects/data to tarball
DEBUG 2019-06-19 10:11:29,715: 	 Adding data directory /home/users/rebassoo/work/2019_03_14_AddingCHSJetsProper/CMSSW_9_4_12/src/CondFormats/CTPPSOpticsObjects/interface to tarball
DEBUG 2019-06-19 10:11:29,724: 	 Adding data directory /home/users/rebassoo/work/2019_03_14_AddingCHSJetsProper/CMSSW_9_4_12/src/CondFormats/DataRecord/interface to tarball
DEBUG 2019-06-19 10:11:30,034: 	 Adding data directory /home/users/rebassoo/work/2019_03_14_AddingCHSJetsProper/CMSSW_9_4_12/src/CondFormats/RunInfo/interface to tarball
DEBUG 2019-06-19 10:11:30,045: 	 Adding data directory /home/users/rebassoo/work/2019_03_14_AddingCHSJetsProper/CMSSW_9_4_12/src/DataFormats/ProtonReco/interface to tarball
DEBUG 2019-06-19 10:11:30,048: 	 Adding data directory /home/users/rebassoo/work/2019_03_14_AddingCHSJetsProper/CMSSW_9_4_12/src/IOMC/EventVertexGenerators/interface to tarball
DEBUG 2019-06-19 10:11:30,076: 	 Adding data directory /home/users/rebassoo/work/2019_03_14_AddingCHSJetsProper/CMSSW_9_4_12/src/IOMC/ParticleGuns/interface to tarball
DEBUG 2019-06-19 10:11:30,094: 	 Adding data directory /home/users/rebassoo/work/2019_03_14_AddingCHSJetsProper/CMSSW_9_4_12/src/RecoCTPPS/ProtonReconstruction/data to tarball
DEBUG 2019-06-19 10:11:30,123: 	 Adding data directory /home/users/rebassoo/work/2019_03_14_AddingCHSJetsProper/CMSSW_9_4_12/src/RecoCTPPS/ProtonReconstruction/interface to tarball
DEBUG 2019-06-19 10:11:30,162: 	 Adding data directory /home/users/rebassoo/work/2019_03_14_AddingCHSJetsProper/CMSSW_9_4_12/src/RecoCTPPS/TotemRPLocal/interface to tarball
DEBUG 2019-06-19 10:11:30,172: 	 Adding data directory /home/users/rebassoo/work/2019_03_14_AddingCHSJetsProper/CMSSW_9_4_12/src/SimCTPPS/OpticsParameterisation/data to tarball
DEBUG 2019-06-19 10:11:30,201: 	 Adding data directory /home/users/rebassoo/work/2019_03_14_AddingCHSJetsProper/CMSSW_9_4_12/src/Validation/CTPPS/test_2016/rp_positions/data to tarball
DEBUG 2019-06-19 10:11:30,605: 	 Adding data directory /home/users/rebassoo/work/2019_03_14_AddingCHSJetsProper/CMSSW_9_4_12/src/RecoEgamma/ElectronIdentification/data to tarball
DEBUG 2019-06-19 10:11:30,616: 	 Adding data directory /home/users/rebassoo/work/2019_03_14_AddingCHSJetsProper/CMSSW_9_4_12/src/RecoEgamma/ElectronIdentification/interface to tarball
DEBUG 2019-06-19 10:11:30,852: 	 Adding data directory /home/users/rebassoo/work/2019_03_14_AddingCHSJetsProper/CMSSW_9_4_12/src/PhysicsTools/PatAlgos/interface to tarball
DEBUG 2019-06-19 10:11:30,939: 	 Adding data directory /home/users/rebassoo/work/2019_03_14_AddingCHSJetsProper/CMSSW_9_4_12/src/RecoMET/METFilters/data to tarball
DEBUG 2019-06-19 10:11:30,941: 	 Adding data directory /home/users/rebassoo/work/2019_03_14_AddingCHSJetsProper/CMSSW_9_4_12/src/RecoMET/METFilters/interface to tarball
DEBUG 2019-06-19 10:11:31,088: 	 Adding file 2017-JEC-JER/Fall17_17Nov2017B_V32_DATA_L2L3Residual_AK8PFchs.txt to tarball
DEBUG 2019-06-19 10:11:31,089: 	 Adding file 2017-JEC-JER/Fall17_17Nov2017B_V32_DATA_L2Relative_AK8PFchs.txt to tarball
DEBUG 2019-06-19 10:11:31,093: 	 Adding file 2017-JEC-JER/Fall17_17Nov2017B_V32_DATA_L3Absolute_AK8PFchs.txt to tarball
DEBUG 2019-06-19 10:11:31,094: 	 Adding file 2017-JEC-JER/Fall17_17Nov2017C_V32_DATA_L2L3Residual_AK8PFchs.txt to tarball
DEBUG 2019-06-19 10:11:31,095: 	 Adding file 2017-JEC-JER/Fall17_17Nov2017C_V32_DATA_L2Relative_AK8PFchs.txt to tarball
DEBUG 2019-06-19 10:11:31,098: 	 Adding file 2017-JEC-JER/Fall17_17Nov2017C_V32_DATA_L3Absolute_AK8PFchs.txt to tarball
DEBUG 2019-06-19 10:11:31,099: 	 Adding file 2017-JEC-JER/Fall17_17Nov2017DE_V32_DATA_L2L3Residual_AK8PFchs.txt to tarball
DEBUG 2019-06-19 10:11:31,100: 	 Adding file 2017-JEC-JER/Fall17_17Nov2017DE_V32_DATA_L2Relative_AK8PFchs.txt to tarball
DEBUG 2019-06-19 10:11:31,104: 	 Adding file 2017-JEC-JER/Fall17_17Nov2017DE_V32_DATA_L3Absolute_AK8PFchs.txt to tarball
DEBUG 2019-06-19 10:11:31,105: 	 Adding file 2017-JEC-JER/Fall17_17Nov2017F_V32_DATA_L2L3Residual_AK8PFchs.txt to tarball
DEBUG 2019-06-19 10:11:31,106: 	 Adding file 2017-JEC-JER/Fall17_17Nov2017F_V32_DATA_L2Relative_AK8PFchs.txt to tarball
DEBUG 2019-06-19 10:11:31,240: 	 Adding file 2017-JEC-JER/Fall17_17Nov2017F_V32_DATA_L3Absolute_AK8PFchs.txt to tarball
DEBUG 2019-06-19 10:11:31,242: 	 Adding file 2017-JEC-JER/Fall17_17Nov2017_V32_MC_L1FastJet_AK8PFchs.txt to tarball
DEBUG 2019-06-19 10:11:31,243: 	 Adding file 2017-JEC-JER/Fall17_17Nov2017_V32_MC_L2Relative_AK8PFchs.txt to tarball
DEBUG 2019-06-19 10:11:31,248: 	 Adding file 2017-JEC-JER/Fall17_17Nov2017_V32_MC_L3Absolute_AK8PFchs.txt to tarball
DEBUG 2019-06-19 10:11:31,249: 	 Adding file 2017-JEC-JER/Fall17_V3_MC_PtResolution_AK4PFchs.txt to tarball
DEBUG 2019-06-19 10:11:31,251: 	 Adding file 2017-JEC-JER/Fall17_V3_MC_PtResolution_AK8PFchs.txt to tarball
DEBUG 2019-06-19 10:11:31,252: 	 Adding file 2017-JEC-JER/Fall17_V3_MC_SF_AK4PFchs.txt to tarball
DEBUG 2019-06-19 10:11:31,253: 	 Adding file 2017-JEC-JER/Fall17_V3_MC_SF_AK8PFchs.txt to tarball
DEBUG 2019-06-19 10:11:31,254: 	 Adding file PUHistos_data.root to tarball
DEBUG 2019-06-19 10:11:31,256: 	 Adding file PUHistos_mc.root to tarball
DEBUG 2019-06-19 10:11:31,462: 	 Uploading archive /home/users/rebassoo/work/2019_03_14_AddingCHSJetsProper/CMSSW_9_4_12/src/SlimmedNtupleDilepton/Ntupler/python/CrabDoubleMu/MC/crab_projects_2019_06_19-MC/crab_DY1JetsToLL_M-50_LHEZpT_400-inf/inputs/5fcc5f8b-03fc-4c23-911a-9fb35a7243aedefault.tgz (6.625977.1 MB) to the CRAB cache. Using URI https://cmsweb.cern.ch/crabcache
DEBUG 2019-06-19 10:11:44,081: 	 Loading required information from the environment
DEBUG 2019-06-19 10:11:44,081: 	 Found CMSSW_9_4_12 for slc6_amd64_gcc630 with base /home/users/rebassoo/work/2019_03_14_AddingCHSJetsProper/CMSSW_9_4_12
DEBUG 2019-06-19 10:11:44,081: 	 Making tarball in /home/users/rebassoo/work/2019_03_14_AddingCHSJetsProper/CMSSW_9_4_12/src/SlimmedNtupleDilepton/Ntupler/python/CrabDoubleMu/MC/crab_projects_2019_06_19-MC/crab_DY1JetsToLL_M-50_LHEZpT_400-inf/inputs/debugFiles.tgz
DEBUG 2019-06-19 10:11:44,088: 	 Uploading archive /home/users/rebassoo/work/2019_03_14_AddingCHSJetsProper/CMSSW_9_4_12/src/SlimmedNtupleDilepton/Ntupler/python/CrabDoubleMu/MC/crab_projects_2019_06_19-MC/crab_DY1JetsToLL_M-50_LHEZpT_400-inf/inputs/debugFiles.tgz (4 KB) to the CRAB cache. Using URI https://cmsweb.cern.ch/crabcache
DEBUG 2019-06-19 10:11:46,453: 	 Result uploading input files: 42ffa597b627ddd8e1c74cafb5d29b5e6acb03b0ca4fb2531301ec84408cc23b.tar.gz 
WARNING 2019-06-19 10:11:46,453: 	 Warning: The following output files will not be published, as they are not EDM files: ['SlimmedNtuple.root']
INFO 2019-06-19 10:11:46,454: 	 Sending the request to the server
DEBUG 2019-06-19 10:11:46,454: 	 Submitting {'maxjobruntime': 1250, 'extrajdl': [], 'ignorelocality': 0, 'savelogsflag': 1, 'useparent': 0, 'asyncdest': 'T2_US_UCSD', 'algoargs': 5, 'cachefilename': '42ffa597b627ddd8e1c74cafb5d29b5e6acb03b0ca4fb2531301ec84408cc23b.tar.gz', 'numcores': 1, 'addoutputfiles': [], 'generator': 'pythia', 'maxmemory': 2000, 'publishdbsurl': 'https://cmsweb.cern.ch/dbs/prod/phys03/DBSWriter', 'priority': 10, 'jobsw': 'CMSSW_9_4_12', 'edmoutfiles': [], 'userfiles': [], 'primarydataset': '', 'inputdata': '/DY1JetsToLL_M-50_LHEZpT_400-inf_TuneCP5_13TeV-amcnloFXFX-pythia8/RunIIFall17MiniAODv2-MUOTrackFix_12Apr2018_94X_mc2017_realistic_v14_ext2-v1/MINIAODSIM', 'lfn': '/store/user/rebassoo/', 'dryrun': 0, 'workflow': 'crab_DY1JetsToLL_M-50_LHEZpT_400-inf', 'cacheurl': u'https://cmsweb.cern.ch/crabcache', 'nonprodsw': 0, 'tfileoutfiles': ['SlimmedNtuple.root'], 'oneEventMode': 0, 'debugfilename': '41ed40076d68d332c250f116758555e74041f5785a5bb90cf483dd335c5485f0.tar.gz', 'saveoutput': 1, 'publication': 1, 'jobarch': 'slc6_amd64_gcc630', 'totalunits': 0, 'splitalgo': 'FileBased', 'ignoreglobalblacklist': 0, 'nonvaliddata': 0, 'dbsurl': 'https://cmsweb.cern.ch/dbs/prod/global/DBSReader', 'publishgroupname': 0, 'jobtype': 'Analysis', 'publishname2': ''} 
DEBUG 2019-06-19 10:11:46,454: 	 Encoded submit request: maxjobruntime=1250&ignorelocality=0&savelogsflag=1&useparent=0&asyncdest=T2_US_UCSD&algoargs=5&cachefilename=42ffa597b627ddd8e1c74cafb5d29b5e6acb03b0ca4fb2531301ec84408cc23b.tar.gz&numcores=1&generator=pythia&maxmemory=2000&publishdbsurl=https%3A%2F%2Fcmsweb.cern.ch%2Fdbs%2Fprod%2Fphys03%2FDBSWriter&priority=10&jobsw=CMSSW_9_4_12&primarydataset=&inputdata=%2FDY1JetsToLL_M-50_LHEZpT_400-inf_TuneCP5_13TeV-amcnloFXFX-pythia8%2FRunIIFall17MiniAODv2-MUOTrackFix_12Apr2018_94X_mc2017_realistic_v14_ext2-v1%2FMINIAODSIM&lfn=%2Fstore%2Fuser%2Frebassoo%2F&dryrun=0&workflow=crab_DY1JetsToLL_M-50_LHEZpT_400-inf&cacheurl=https%3A%2F%2Fcmsweb.cern.ch%2Fcrabcache&nonprodsw=0&oneEventMode=0&debugfilename=41ed40076d68d332c250f116758555e74041f5785a5bb90cf483dd335c5485f0.tar.gz&saveoutput=1&publication=1&jobarch=slc6_amd64_gcc630&totalunits=0&splitalgo=FileBased&ignoreglobalblacklist=0&nonvaliddata=0&dbsurl=https%3A%2F%2Fcmsweb.cern.ch%2Fdbs%2Fprod%2Fglobal%2FDBSReader&publishgroupname=0&jobtype=Analysis&publishname2=&tfileoutfiles=SlimmedNtuple.root
DEBUG 2019-06-19 10:11:48,689: 	 Result: {u'result': [{u'RequestName': u'190619_171148:rebassoo_crab_DY1JetsToLL_M-50_LHEZpT_400-inf'}]}
INFO 2019-06-19 10:11:48,691: 	 Success: Your task has been delivered to the CRAB3 server.
INFO 2019-06-19 10:11:48,691: 	 Task name: 190619_171148:rebassoo_crab_DY1JetsToLL_M-50_LHEZpT_400-inf
INFO 2019-06-19 10:11:48,691: 	 Project dir: crab_projects_2019_06_19-MC/crab_DY1JetsToLL_M-50_LHEZpT_400-inf
INFO 2019-06-19 10:11:48,691: 	 Please use 'crab status -d crab_projects_2019_06_19-MC/crab_DY1JetsToLL_M-50_LHEZpT_400-inf' to check how the submission process proceeds.
DEBUG 2019-06-19 10:11:48,691: 	 About to return
