|---- jetToolbox: Initializing collection... (with postfix )
|---- jetToolBox: Adding these btag discriminators: ['pfCombinedInclusiveSecondaryVertexV2BJetTags'] in the jet collection.
|---- jetToolBox: JETTOOLBOX RUNNING ON MiniAOD FOR AK8 JETS USING CHS
|---- jetToolBox: Applying these corrections: ('AK8PFchs', ['L1FastJet', 'L2Relative', 'L3Absolute'], 'None')
|---- jetToolBox: Running ak8PFJetsCHSPrunedMass, NjettinessAK8CHS.
|---- jetToolBox: Creating selectedPatJetsAK8PFCHS collection.
|---- jetToolbox: Initializing collection... (with postfix )
|---- jetToolBox: Adding these btag discriminators: ['pfCombinedInclusiveSecondaryVertexV2BJetTags'] in the jet collection.
|---- jetToolBox: JETTOOLBOX RUNNING ON MiniAOD FOR AK4 JETS USING CHS
|---- jetToolBox: Applying these corrections: ('AK4PFchs', ['L1FastJet', 'L2Relative', 'L3Absolute'], 'None')
|---- jetToolBox: Running ak4PFJetsCHSPrunedMass, NjettinessAK4CHS.
|---- jetToolBox: Creating selectedPatJetsAK4PFCHS collection.
DEBUG 2019-06-19 10:13:20,729: 	 Executing command: 'submit'
DEBUG 2019-06-19 10:13:20,729: 	 Found CRAB cache file /home/users/rebassoo/.crab3
DEBUG 2019-06-19 10:13:20,748: 	 Checking credentials
DEBUG 2019-06-19 10:13:20,748: 	 Found proxy file /tmp/x509up_u31045
DEBUG 2019-06-19 10:13:20,749: 	 Getting proxy life time left
DEBUG 2019-06-19 10:13:20,854: 	 Executing : 
 command : voms-proxy-info -file /tmp/x509up_u31045 -timeleft
 output : 167373

 error: 
 retcode : 0
DEBUG 2019-06-19 10:13:20,959: 	 Executing : 
 command : voms-proxy-info -file /tmp/x509up_u31045 -actimeleft
 output : 167373

 error: 
 retcode : 0
DEBUG 2019-06-19 10:13:20,960: 	 Proxy valid for 46:29:33 hours
DEBUG 2019-06-19 10:13:21,122: 	 Executing : 
 command : openssl x509 -in ~/.globus/usercert.pem -subject -noout
 output : subject= /DC=ch/DC=cern/OU=Organic Units/OU=Users/CN=rebassoo/CN=673313/CN=Finn O'Neill Rebassoo

 error: 
 retcode : 0
DEBUG 2019-06-19 10:13:21,123: 	 Checking credentials
DEBUG 2019-06-19 10:13:21,123: 	 Found proxy file /tmp/x509up_u31045
DEBUG 2019-06-19 10:13:21,123: 	 Getting proxy life time left
DEBUG 2019-06-19 10:13:21,228: 	 Executing : 
 command : voms-proxy-info -file /tmp/x509up_u31045 -timeleft
 output : 167372

 error: 
 retcode : 0
DEBUG 2019-06-19 10:13:21,334: 	 Executing : 
 command : voms-proxy-info -file /tmp/x509up_u31045 -actimeleft
 output : 167372

 error: 
 retcode : 0
DEBUG 2019-06-19 10:13:21,334: 	 Proxy valid for 46:29:32 hours
DEBUG 2019-06-19 10:13:21,439: 	 Executing : 
 command : env X509_USER_PROXY=/tmp/x509up_u31045 voms-proxy-info -fqan
 output : /cms/Role=NULL/Capability=NULL
/cms/uscms/Role=NULL/Capability=NULL

 error: 
 retcode : 0
DEBUG 2019-06-19 10:13:23,381: 	 Registering user credentials for server /DC=ch/DC=cern/OU=computers/CN=vocms(052|058|030|0118|0105|0109).cern.ch|/DC=ch/DC=cern/OU=computers/CN=crab-(preprod|prod)-tw(02|01).cern.ch
DEBUG 2019-06-19 10:13:23,493: 	 Executing : 
 command : openssl x509 -in ~/.globus/usercert.pem -subject -noout
 output : subject= /DC=ch/DC=cern/OU=Organic Units/OU=Users/CN=rebassoo/CN=673313/CN=Finn O'Neill Rebassoo

 error: 
 retcode : 0
DEBUG 2019-06-19 10:13:23,494: 	 Getting myproxy life time left for myproxy.cern.ch
DEBUG 2019-06-19 10:13:23,494: 	 Calculating hash of /DC=ch/DC=cern/OU=Organic Units/OU=Users/CN=rebassoo/CN=673313/CN=Finn O'Neill Rebassoo_cmsweb.cern.ch for credential name
DEBUG 2019-06-19 10:13:24,601: 	 Executing : 
 command : myproxy-info -l 2cc039343dd1b2d91f9f6b695d1c2e340e98a0d3 -s myproxy.cern.ch
 output : username: 2cc039343dd1b2d91f9f6b695d1c2e340e98a0d3
owner: /DC=ch/DC=cern/OU=Organic Units/OU=Users/CN=rebassoo/CN=673313/CN=Finn O'Neill Rebassoo
  renewal policy: /DC=ch/DC=cern/OU=computers/CN=vocms(052|058|030|0118|0105|0109).cern.ch|/DC=ch/DC=cern/OU=computers/CN=crab-(preprod|prod)-tw(02|01).cern.ch
  trusted retrieval policy: /DC=ch/DC=cern/OU=computers/CN=vocms(052|058|030|0118|0105|0109).cern.ch|/DC=ch/DC=cern/OU=computers/CN=crab-(preprod|prod)-tw(02|01).cern.ch
  timeleft: 718:42:04  (29.9 days)

 error: 
 retcode : 0
DEBUG 2019-06-19 10:13:24,602: 	 Myproxy is valid: 2587324
DEBUG 2019-06-19 10:13:24,602: 	 Command use: submit
DEBUG 2019-06-19 10:13:24,602: 	 Options use: ['--config', <WMCore.Configuration.Configuration object at 0x7f00d2c0ba90>]
DEBUG 2019-06-19 10:13:26,510: 	 CRABClient version: 3.3.1904
DEBUG 2019-06-19 10:13:26,510: 	 Instance is prod
DEBUG 2019-06-19 10:13:26,511: 	 Server base url is cmsweb.cern.ch
DEBUG 2019-06-19 10:13:26,511: 	 Command url /crabserver/prod/workflow
DEBUG 2019-06-19 10:13:26,511: 	 Started submission
DEBUG 2019-06-19 10:13:26,511: 	 Working on /home/users/rebassoo/work/2019_03_14_AddingCHSJetsProper/CMSSW_9_4_12/src/SlimmedNtupleDilepton/Ntupler/python/CrabDoubleMu/MC/crab_projects_2019_06_19-MC/crab_DY2JetsToLL_M-50_LHEZpT_400-inf
DEBUG 2019-06-19 10:13:28,428: 	 Loading required information from the environment
DEBUG 2019-06-19 10:13:28,428: 	 Found CMSSW_9_4_12 for slc6_amd64_gcc630 with base /home/users/rebassoo/work/2019_03_14_AddingCHSJetsProper/CMSSW_9_4_12
DEBUG 2019-06-19 10:13:28,429: 	 Loading required information from the environment
DEBUG 2019-06-19 10:13:28,429: 	 Found CMSSW_9_4_12 for slc6_amd64_gcc630 with base /home/users/rebassoo/work/2019_03_14_AddingCHSJetsProper/CMSSW_9_4_12
DEBUG 2019-06-19 10:13:28,445: 	 UNIQUE NAME: tarUUID 9882c8c2-94a9-4a17-a011-afee4367cf7d 
DEBUG 2019-06-19 10:13:28,446: 	 self.config: from WMCore.Configuration import Configuration
config = Configuration()
config.section_('General')
config.General.workArea = 'crab_projects_2019_06_19-MC'
config.General.transferOutputs = True
config.General.transferLogs = True
config.General.requestName = 'DY2JetsToLL_M-50_LHEZpT_400-inf'
config.section_('JobType')
config.JobType.psetName = 'ConfFile_cfg.py'
config.JobType.inputFiles = ['2017-JEC-JER/Fall17_17Nov2017B_V32_DATA_L2L3Residual_AK8PFchs.txt', '2017-JEC-JER/Fall17_17Nov2017B_V32_DATA_L2Relative_AK8PFchs.txt', '2017-JEC-JER/Fall17_17Nov2017B_V32_DATA_L3Absolute_AK8PFchs.txt', '2017-JEC-JER/Fall17_17Nov2017C_V32_DATA_L2L3Residual_AK8PFchs.txt', '2017-JEC-JER/Fall17_17Nov2017C_V32_DATA_L2Relative_AK8PFchs.txt', '2017-JEC-JER/Fall17_17Nov2017C_V32_DATA_L3Absolute_AK8PFchs.txt', '2017-JEC-JER/Fall17_17Nov2017DE_V32_DATA_L2L3Residual_AK8PFchs.txt', '2017-JEC-JER/Fall17_17Nov2017DE_V32_DATA_L2Relative_AK8PFchs.txt', '2017-JEC-JER/Fall17_17Nov2017DE_V32_DATA_L3Absolute_AK8PFchs.txt', '2017-JEC-JER/Fall17_17Nov2017F_V32_DATA_L2L3Residual_AK8PFchs.txt', '2017-JEC-JER/Fall17_17Nov2017F_V32_DATA_L2Relative_AK8PFchs.txt', '2017-JEC-JER/Fall17_17Nov2017F_V32_DATA_L3Absolute_AK8PFchs.txt', '2017-JEC-JER/Fall17_17Nov2017_V32_MC_L1FastJet_AK8PFchs.txt', '2017-JEC-JER/Fall17_17Nov2017_V32_MC_L2Relative_AK8PFchs.txt', '2017-JEC-JER/Fall17_17Nov2017_V32_MC_L3Absolute_AK8PFchs.txt', '2017-JEC-JER/Fall17_V3_MC_PtResolution_AK4PFchs.txt', '2017-JEC-JER/Fall17_V3_MC_PtResolution_AK8PFchs.txt', '2017-JEC-JER/Fall17_V3_MC_SF_AK4PFchs.txt', '2017-JEC-JER/Fall17_V3_MC_SF_AK8PFchs.txt', 'PUHistos_data.root', 'PUHistos_mc.root']
config.JobType.pyCfgParams = ['interactive=0', 'pileupName=DY2JetsToLL_M_50_LHEZpT_400_inf_TuneCP5_13TeV_amcnloFXFX_pythia8']
config.section_('Data')
config.Data.inputDataset = '/DY2JetsToLL_M-50_LHEZpT_400-inf_TuneCP5_13TeV-amcnloFXFX-pythia8/RunIIFall17MiniAODv2-MUOTrackFix_12Apr2018_94X_mc2017_realistic_v14_ext2-v1/MINIAODSIM'
config.Data.unitsPerJob = 5
config.Data.splitting = 'FileBased'
config.Data.outLFNDirBase = '/store/user/rebassoo/'
config.section_('Site')
config.Site.storageSite = 'T2_US_UCSD'
config.section_('User')
config.section_('Debug')

DEBUG 2019-06-19 10:13:28,446: 	 self.config.JobType.psetName: ConfFile_cfg.py
INFO 2019-06-19 10:13:28,446: 	 Importing CMSSW configuration ConfFile_cfg.py
DEBUG 2019-06-19 10:13:28,446: 	 Additional parameters for the CMSSW configuration are: ['interactive=0', 'pileupName=DY2JetsToLL_M_50_LHEZpT_400_inf_TuneCP5_13TeV_amcnloFXFX_pythia8']
INFO 2019-06-19 10:13:29,024: 	 Finished importing CMSSW configuration ConfFile_cfg.py
DEBUG 2019-06-19 10:13:29,024: 	 Writing CMSSW configuration to /home/users/rebassoo/work/2019_03_14_AddingCHSJetsProper/CMSSW_9_4_12/src/SlimmedNtupleDilepton/Ntupler/python/CrabDoubleMu/MC/crab_projects_2019_06_19-MC/crab_DY2JetsToLL_M-50_LHEZpT_400-inf/inputs/PSet.py
DEBUG 2019-06-19 10:13:29,621: 	 The following EDM output files will be collected: []
DEBUG 2019-06-19 10:13:29,621: 	 The following TFile output files will be collected: ['SlimmedNtuple.root']
DEBUG 2019-06-19 10:13:29,621: 	 The following user output files will be collected: []
DEBUG 2019-06-19 10:13:29,621: 	 Loading required information from the environment
DEBUG 2019-06-19 10:13:29,621: 	 Found CMSSW_9_4_12 for slc6_amd64_gcc630 with base /home/users/rebassoo/work/2019_03_14_AddingCHSJetsProper/CMSSW_9_4_12
DEBUG 2019-06-19 10:13:29,621: 	 Making tarball in /home/users/rebassoo/work/2019_03_14_AddingCHSJetsProper/CMSSW_9_4_12/src/SlimmedNtupleDilepton/Ntupler/python/CrabDoubleMu/MC/crab_projects_2019_06_19-MC/crab_DY2JetsToLL_M-50_LHEZpT_400-inf/inputs/9882c8c2-94a9-4a17-a011-afee4367cf7ddefault.tgz
DEBUG 2019-06-19 10:13:29,622: 	 Checking directory /home/users/rebassoo/work/2019_03_14_AddingCHSJetsProper/CMSSW_9_4_12/lib
DEBUG 2019-06-19 10:13:29,622: 	 Adding directory /home/users/rebassoo/work/2019_03_14_AddingCHSJetsProper/CMSSW_9_4_12/lib to tarball
DEBUG 2019-06-19 10:13:32,621: 	 Checking directory /home/users/rebassoo/work/2019_03_14_AddingCHSJetsProper/CMSSW_9_4_12/biglib
DEBUG 2019-06-19 10:13:32,622: 	 Adding directory /home/users/rebassoo/work/2019_03_14_AddingCHSJetsProper/CMSSW_9_4_12/biglib to tarball
DEBUG 2019-06-19 10:13:32,623: 	 Checking directory /home/users/rebassoo/work/2019_03_14_AddingCHSJetsProper/CMSSW_9_4_12/module
DEBUG 2019-06-19 10:13:32,632: 	 Adding data directory /home/users/rebassoo/work/2019_03_14_AddingCHSJetsProper/CMSSW_9_4_12/src/CondFormats/CTPPSOpticsObjects/data to tarball
DEBUG 2019-06-19 10:13:33,066: 	 Adding data directory /home/users/rebassoo/work/2019_03_14_AddingCHSJetsProper/CMSSW_9_4_12/src/CondFormats/CTPPSOpticsObjects/interface to tarball
DEBUG 2019-06-19 10:13:33,074: 	 Adding data directory /home/users/rebassoo/work/2019_03_14_AddingCHSJetsProper/CMSSW_9_4_12/src/CondFormats/DataRecord/interface to tarball
DEBUG 2019-06-19 10:13:33,328: 	 Adding data directory /home/users/rebassoo/work/2019_03_14_AddingCHSJetsProper/CMSSW_9_4_12/src/CondFormats/RunInfo/interface to tarball
DEBUG 2019-06-19 10:13:33,336: 	 Adding data directory /home/users/rebassoo/work/2019_03_14_AddingCHSJetsProper/CMSSW_9_4_12/src/DataFormats/ProtonReco/interface to tarball
DEBUG 2019-06-19 10:13:33,339: 	 Adding data directory /home/users/rebassoo/work/2019_03_14_AddingCHSJetsProper/CMSSW_9_4_12/src/IOMC/EventVertexGenerators/interface to tarball
DEBUG 2019-06-19 10:13:33,350: 	 Adding data directory /home/users/rebassoo/work/2019_03_14_AddingCHSJetsProper/CMSSW_9_4_12/src/IOMC/ParticleGuns/interface to tarball
DEBUG 2019-06-19 10:13:33,365: 	 Adding data directory /home/users/rebassoo/work/2019_03_14_AddingCHSJetsProper/CMSSW_9_4_12/src/RecoCTPPS/ProtonReconstruction/data to tarball
DEBUG 2019-06-19 10:13:33,394: 	 Adding data directory /home/users/rebassoo/work/2019_03_14_AddingCHSJetsProper/CMSSW_9_4_12/src/RecoCTPPS/ProtonReconstruction/interface to tarball
DEBUG 2019-06-19 10:13:33,412: 	 Adding data directory /home/users/rebassoo/work/2019_03_14_AddingCHSJetsProper/CMSSW_9_4_12/src/RecoCTPPS/TotemRPLocal/interface to tarball
DEBUG 2019-06-19 10:13:33,419: 	 Adding data directory /home/users/rebassoo/work/2019_03_14_AddingCHSJetsProper/CMSSW_9_4_12/src/SimCTPPS/OpticsParameterisation/data to tarball
DEBUG 2019-06-19 10:13:33,431: 	 Adding data directory /home/users/rebassoo/work/2019_03_14_AddingCHSJetsProper/CMSSW_9_4_12/src/Validation/CTPPS/test_2016/rp_positions/data to tarball
DEBUG 2019-06-19 10:13:33,599: 	 Adding data directory /home/users/rebassoo/work/2019_03_14_AddingCHSJetsProper/CMSSW_9_4_12/src/RecoEgamma/ElectronIdentification/data to tarball
DEBUG 2019-06-19 10:13:33,610: 	 Adding data directory /home/users/rebassoo/work/2019_03_14_AddingCHSJetsProper/CMSSW_9_4_12/src/RecoEgamma/ElectronIdentification/interface to tarball
DEBUG 2019-06-19 10:13:33,776: 	 Adding data directory /home/users/rebassoo/work/2019_03_14_AddingCHSJetsProper/CMSSW_9_4_12/src/PhysicsTools/PatAlgos/interface to tarball
DEBUG 2019-06-19 10:13:33,798: 	 Adding data directory /home/users/rebassoo/work/2019_03_14_AddingCHSJetsProper/CMSSW_9_4_12/src/RecoMET/METFilters/data to tarball
DEBUG 2019-06-19 10:13:33,799: 	 Adding data directory /home/users/rebassoo/work/2019_03_14_AddingCHSJetsProper/CMSSW_9_4_12/src/RecoMET/METFilters/interface to tarball
DEBUG 2019-06-19 10:13:33,900: 	 Adding file 2017-JEC-JER/Fall17_17Nov2017B_V32_DATA_L2L3Residual_AK8PFchs.txt to tarball
DEBUG 2019-06-19 10:13:33,901: 	 Adding file 2017-JEC-JER/Fall17_17Nov2017B_V32_DATA_L2Relative_AK8PFchs.txt to tarball
DEBUG 2019-06-19 10:13:33,906: 	 Adding file 2017-JEC-JER/Fall17_17Nov2017B_V32_DATA_L3Absolute_AK8PFchs.txt to tarball
DEBUG 2019-06-19 10:13:33,907: 	 Adding file 2017-JEC-JER/Fall17_17Nov2017C_V32_DATA_L2L3Residual_AK8PFchs.txt to tarball
DEBUG 2019-06-19 10:13:33,908: 	 Adding file 2017-JEC-JER/Fall17_17Nov2017C_V32_DATA_L2Relative_AK8PFchs.txt to tarball
DEBUG 2019-06-19 10:13:33,912: 	 Adding file 2017-JEC-JER/Fall17_17Nov2017C_V32_DATA_L3Absolute_AK8PFchs.txt to tarball
DEBUG 2019-06-19 10:13:33,913: 	 Adding file 2017-JEC-JER/Fall17_17Nov2017DE_V32_DATA_L2L3Residual_AK8PFchs.txt to tarball
DEBUG 2019-06-19 10:13:33,914: 	 Adding file 2017-JEC-JER/Fall17_17Nov2017DE_V32_DATA_L2Relative_AK8PFchs.txt to tarball
DEBUG 2019-06-19 10:13:33,919: 	 Adding file 2017-JEC-JER/Fall17_17Nov2017DE_V32_DATA_L3Absolute_AK8PFchs.txt to tarball
DEBUG 2019-06-19 10:13:33,920: 	 Adding file 2017-JEC-JER/Fall17_17Nov2017F_V32_DATA_L2L3Residual_AK8PFchs.txt to tarball
DEBUG 2019-06-19 10:13:33,921: 	 Adding file 2017-JEC-JER/Fall17_17Nov2017F_V32_DATA_L2Relative_AK8PFchs.txt to tarball
DEBUG 2019-06-19 10:13:34,044: 	 Adding file 2017-JEC-JER/Fall17_17Nov2017F_V32_DATA_L3Absolute_AK8PFchs.txt to tarball
DEBUG 2019-06-19 10:13:34,044: 	 Adding file 2017-JEC-JER/Fall17_17Nov2017_V32_MC_L1FastJet_AK8PFchs.txt to tarball
DEBUG 2019-06-19 10:13:34,045: 	 Adding file 2017-JEC-JER/Fall17_17Nov2017_V32_MC_L2Relative_AK8PFchs.txt to tarball
DEBUG 2019-06-19 10:13:34,048: 	 Adding file 2017-JEC-JER/Fall17_17Nov2017_V32_MC_L3Absolute_AK8PFchs.txt to tarball
DEBUG 2019-06-19 10:13:34,048: 	 Adding file 2017-JEC-JER/Fall17_V3_MC_PtResolution_AK4PFchs.txt to tarball
DEBUG 2019-06-19 10:13:34,049: 	 Adding file 2017-JEC-JER/Fall17_V3_MC_PtResolution_AK8PFchs.txt to tarball
DEBUG 2019-06-19 10:13:34,050: 	 Adding file 2017-JEC-JER/Fall17_V3_MC_SF_AK4PFchs.txt to tarball
DEBUG 2019-06-19 10:13:34,051: 	 Adding file 2017-JEC-JER/Fall17_V3_MC_SF_AK8PFchs.txt to tarball
DEBUG 2019-06-19 10:13:34,052: 	 Adding file PUHistos_data.root to tarball
DEBUG 2019-06-19 10:13:34,053: 	 Adding file PUHistos_mc.root to tarball
DEBUG 2019-06-19 10:13:34,250: 	 Uploading archive /home/users/rebassoo/work/2019_03_14_AddingCHSJetsProper/CMSSW_9_4_12/src/SlimmedNtupleDilepton/Ntupler/python/CrabDoubleMu/MC/crab_projects_2019_06_19-MC/crab_DY2JetsToLL_M-50_LHEZpT_400-inf/inputs/9882c8c2-94a9-4a17-a011-afee4367cf7ddefault.tgz (6.626953.1 MB) to the CRAB cache. Using URI https://cmsweb.cern.ch/crabcache
DEBUG 2019-06-19 10:13:45,272: 	 Loading required information from the environment
DEBUG 2019-06-19 10:13:45,272: 	 Found CMSSW_9_4_12 for slc6_amd64_gcc630 with base /home/users/rebassoo/work/2019_03_14_AddingCHSJetsProper/CMSSW_9_4_12
DEBUG 2019-06-19 10:13:45,272: 	 Making tarball in /home/users/rebassoo/work/2019_03_14_AddingCHSJetsProper/CMSSW_9_4_12/src/SlimmedNtupleDilepton/Ntupler/python/CrabDoubleMu/MC/crab_projects_2019_06_19-MC/crab_DY2JetsToLL_M-50_LHEZpT_400-inf/inputs/debugFiles.tgz
DEBUG 2019-06-19 10:13:45,278: 	 Uploading archive /home/users/rebassoo/work/2019_03_14_AddingCHSJetsProper/CMSSW_9_4_12/src/SlimmedNtupleDilepton/Ntupler/python/CrabDoubleMu/MC/crab_projects_2019_06_19-MC/crab_DY2JetsToLL_M-50_LHEZpT_400-inf/inputs/debugFiles.tgz (4 KB) to the CRAB cache. Using URI https://cmsweb.cern.ch/crabcache
DEBUG 2019-06-19 10:13:47,328: 	 Result uploading input files: 10cdbde0a1fdef169e679e0948ccddcde604826c3b1d08204c425ccf5343ce84.tar.gz 
WARNING 2019-06-19 10:13:47,328: 	 Warning: The following output files will not be published, as they are not EDM files: ['SlimmedNtuple.root']
INFO 2019-06-19 10:13:47,328: 	 Sending the request to the server
DEBUG 2019-06-19 10:13:47,329: 	 Submitting {'maxjobruntime': 1250, 'extrajdl': [], 'ignorelocality': 0, 'savelogsflag': 1, 'useparent': 0, 'asyncdest': 'T2_US_UCSD', 'algoargs': 5, 'cachefilename': '10cdbde0a1fdef169e679e0948ccddcde604826c3b1d08204c425ccf5343ce84.tar.gz', 'numcores': 1, 'addoutputfiles': [], 'generator': 'pythia', 'maxmemory': 2000, 'publishdbsurl': 'https://cmsweb.cern.ch/dbs/prod/phys03/DBSWriter', 'priority': 10, 'jobsw': 'CMSSW_9_4_12', 'edmoutfiles': [], 'userfiles': [], 'primarydataset': '', 'inputdata': '/DY2JetsToLL_M-50_LHEZpT_400-inf_TuneCP5_13TeV-amcnloFXFX-pythia8/RunIIFall17MiniAODv2-MUOTrackFix_12Apr2018_94X_mc2017_realistic_v14_ext2-v1/MINIAODSIM', 'lfn': '/store/user/rebassoo/', 'dryrun': 0, 'workflow': 'crab_DY2JetsToLL_M-50_LHEZpT_400-inf', 'cacheurl': u'https://cmsweb.cern.ch/crabcache', 'nonprodsw': 0, 'tfileoutfiles': ['SlimmedNtuple.root'], 'oneEventMode': 0, 'debugfilename': '5a636d1d9c6a9f5e820133b18f60d1f2f6a82b8d70e14808229c0ce13d45e7d2.tar.gz', 'saveoutput': 1, 'publication': 1, 'jobarch': 'slc6_amd64_gcc630', 'totalunits': 0, 'splitalgo': 'FileBased', 'ignoreglobalblacklist': 0, 'nonvaliddata': 0, 'dbsurl': 'https://cmsweb.cern.ch/dbs/prod/global/DBSReader', 'publishgroupname': 0, 'jobtype': 'Analysis', 'publishname2': ''} 
DEBUG 2019-06-19 10:13:47,329: 	 Encoded submit request: maxjobruntime=1250&ignorelocality=0&savelogsflag=1&useparent=0&asyncdest=T2_US_UCSD&algoargs=5&cachefilename=10cdbde0a1fdef169e679e0948ccddcde604826c3b1d08204c425ccf5343ce84.tar.gz&numcores=1&generator=pythia&maxmemory=2000&publishdbsurl=https%3A%2F%2Fcmsweb.cern.ch%2Fdbs%2Fprod%2Fphys03%2FDBSWriter&priority=10&jobsw=CMSSW_9_4_12&primarydataset=&inputdata=%2FDY2JetsToLL_M-50_LHEZpT_400-inf_TuneCP5_13TeV-amcnloFXFX-pythia8%2FRunIIFall17MiniAODv2-MUOTrackFix_12Apr2018_94X_mc2017_realistic_v14_ext2-v1%2FMINIAODSIM&lfn=%2Fstore%2Fuser%2Frebassoo%2F&dryrun=0&workflow=crab_DY2JetsToLL_M-50_LHEZpT_400-inf&cacheurl=https%3A%2F%2Fcmsweb.cern.ch%2Fcrabcache&nonprodsw=0&oneEventMode=0&debugfilename=5a636d1d9c6a9f5e820133b18f60d1f2f6a82b8d70e14808229c0ce13d45e7d2.tar.gz&saveoutput=1&publication=1&jobarch=slc6_amd64_gcc630&totalunits=0&splitalgo=FileBased&ignoreglobalblacklist=0&nonvaliddata=0&dbsurl=https%3A%2F%2Fcmsweb.cern.ch%2Fdbs%2Fprod%2Fglobal%2FDBSReader&publishgroupname=0&jobtype=Analysis&publishname2=&tfileoutfiles=SlimmedNtuple.root
DEBUG 2019-06-19 10:13:49,583: 	 Result: {u'result': [{u'RequestName': u'190619_171349:rebassoo_crab_DY2JetsToLL_M-50_LHEZpT_400-inf'}]}
INFO 2019-06-19 10:13:49,585: 	 Success: Your task has been delivered to the CRAB3 server.
INFO 2019-06-19 10:13:49,585: 	 Task name: 190619_171349:rebassoo_crab_DY2JetsToLL_M-50_LHEZpT_400-inf
INFO 2019-06-19 10:13:49,586: 	 Project dir: crab_projects_2019_06_19-MC/crab_DY2JetsToLL_M-50_LHEZpT_400-inf
INFO 2019-06-19 10:13:49,586: 	 Please use 'crab status -d crab_projects_2019_06_19-MC/crab_DY2JetsToLL_M-50_LHEZpT_400-inf' to check how the submission process proceeds.
DEBUG 2019-06-19 10:13:49,586: 	 About to return
