|---- jetToolbox: Initializing collection... (with postfix )
|---- jetToolBox: Adding these btag discriminators: ['pfCombinedInclusiveSecondaryVertexV2BJetTags'] in the jet collection.
|---- jetToolBox: JETTOOLBOX RUNNING ON MiniAOD FOR AK8 JETS USING CHS
|---- jetToolBox: Applying these corrections: ('AK8PFchs', ['L1FastJet', 'L2Relative', 'L3Absolute'], 'None')
|---- jetToolBox: Running ak8PFJetsCHSPrunedMass, NjettinessAK8CHS.
|---- jetToolBox: Creating selectedPatJetsAK8PFCHS collection.
|---- jetToolbox: Initializing collection... (with postfix )
|---- jetToolBox: Adding these btag discriminators: ['pfCombinedInclusiveSecondaryVertexV2BJetTags'] in the jet collection.
|---- jetToolBox: JETTOOLBOX RUNNING ON MiniAOD FOR AK4 JETS USING CHS
|---- jetToolBox: Applying these corrections: ('AK4PFchs', ['L1FastJet', 'L2Relative', 'L3Absolute'], 'None')
|---- jetToolBox: Running ak4PFJetsCHSPrunedMass, NjettinessAK4CHS.
|---- jetToolBox: Creating selectedPatJetsAK4PFCHS collection.
DEBUG 2019-06-19 10:12:51,416: 	 Executing command: 'submit'
DEBUG 2019-06-19 10:12:51,417: 	 Found CRAB cache file /home/users/rebassoo/.crab3
DEBUG 2019-06-19 10:12:51,429: 	 Checking credentials
DEBUG 2019-06-19 10:12:51,430: 	 Found proxy file /tmp/x509up_u31045
DEBUG 2019-06-19 10:12:51,430: 	 Getting proxy life time left
DEBUG 2019-06-19 10:12:51,535: 	 Executing : 
 command : voms-proxy-info -file /tmp/x509up_u31045 -timeleft
 output : 167402

 error: 
 retcode : 0
DEBUG 2019-06-19 10:12:51,640: 	 Executing : 
 command : voms-proxy-info -file /tmp/x509up_u31045 -actimeleft
 output : 167402

 error: 
 retcode : 0
DEBUG 2019-06-19 10:12:51,641: 	 Proxy valid for 46:30:02 hours
DEBUG 2019-06-19 10:12:51,781: 	 Executing : 
 command : openssl x509 -in ~/.globus/usercert.pem -subject -noout
 output : subject= /DC=ch/DC=cern/OU=Organic Units/OU=Users/CN=rebassoo/CN=673313/CN=Finn O'Neill Rebassoo

 error: 
 retcode : 0
DEBUG 2019-06-19 10:12:51,781: 	 Checking credentials
DEBUG 2019-06-19 10:12:51,782: 	 Found proxy file /tmp/x509up_u31045
DEBUG 2019-06-19 10:12:51,782: 	 Getting proxy life time left
DEBUG 2019-06-19 10:12:51,887: 	 Executing : 
 command : voms-proxy-info -file /tmp/x509up_u31045 -timeleft
 output : 167402

 error: 
 retcode : 0
DEBUG 2019-06-19 10:12:51,992: 	 Executing : 
 command : voms-proxy-info -file /tmp/x509up_u31045 -actimeleft
 output : 167402

 error: 
 retcode : 0
DEBUG 2019-06-19 10:12:51,993: 	 Proxy valid for 46:30:02 hours
DEBUG 2019-06-19 10:12:52,098: 	 Executing : 
 command : env X509_USER_PROXY=/tmp/x509up_u31045 voms-proxy-info -fqan
 output : /cms/Role=NULL/Capability=NULL
/cms/uscms/Role=NULL/Capability=NULL

 error: 
 retcode : 0
DEBUG 2019-06-19 10:12:54,057: 	 Registering user credentials for server /DC=ch/DC=cern/OU=computers/CN=vocms(052|058|030|0118|0105|0109).cern.ch|/DC=ch/DC=cern/OU=computers/CN=crab-(preprod|prod)-tw(02|01).cern.ch
DEBUG 2019-06-19 10:12:54,169: 	 Executing : 
 command : openssl x509 -in ~/.globus/usercert.pem -subject -noout
 output : subject= /DC=ch/DC=cern/OU=Organic Units/OU=Users/CN=rebassoo/CN=673313/CN=Finn O'Neill Rebassoo

 error: 
 retcode : 0
DEBUG 2019-06-19 10:12:54,169: 	 Getting myproxy life time left for myproxy.cern.ch
DEBUG 2019-06-19 10:12:54,169: 	 Calculating hash of /DC=ch/DC=cern/OU=Organic Units/OU=Users/CN=rebassoo/CN=673313/CN=Finn O'Neill Rebassoo_cmsweb.cern.ch for credential name
DEBUG 2019-06-19 10:12:55,677: 	 Executing : 
 command : myproxy-info -l 2cc039343dd1b2d91f9f6b695d1c2e340e98a0d3 -s myproxy.cern.ch
 output : username: 2cc039343dd1b2d91f9f6b695d1c2e340e98a0d3
owner: /DC=ch/DC=cern/OU=Organic Units/OU=Users/CN=rebassoo/CN=673313/CN=Finn O'Neill Rebassoo
  renewal policy: /DC=ch/DC=cern/OU=computers/CN=vocms(052|058|030|0118|0105|0109).cern.ch|/DC=ch/DC=cern/OU=computers/CN=crab-(preprod|prod)-tw(02|01).cern.ch
  trusted retrieval policy: /DC=ch/DC=cern/OU=computers/CN=vocms(052|058|030|0118|0105|0109).cern.ch|/DC=ch/DC=cern/OU=computers/CN=crab-(preprod|prod)-tw(02|01).cern.ch
  timeleft: 718:42:33  (29.9 days)

 error: 
 retcode : 0
DEBUG 2019-06-19 10:12:55,678: 	 Myproxy is valid: 2587353
DEBUG 2019-06-19 10:12:55,678: 	 Command use: submit
DEBUG 2019-06-19 10:12:55,678: 	 Options use: ['--config', <WMCore.Configuration.Configuration object at 0x7f00d2c0ba90>]
DEBUG 2019-06-19 10:12:57,603: 	 CRABClient version: 3.3.1904
DEBUG 2019-06-19 10:12:57,603: 	 Instance is prod
DEBUG 2019-06-19 10:12:57,604: 	 Server base url is cmsweb.cern.ch
DEBUG 2019-06-19 10:12:57,604: 	 Command url /crabserver/prod/workflow
DEBUG 2019-06-19 10:12:57,604: 	 Started submission
DEBUG 2019-06-19 10:12:57,604: 	 Working on /home/users/rebassoo/work/2019_03_14_AddingCHSJetsProper/CMSSW_9_4_12/src/SlimmedNtupleDilepton/Ntupler/python/CrabDoubleMu/MC/crab_projects_2019_06_19-MC/crab_DY2JetsToLL_M-50_LHEZpT_250-400
DEBUG 2019-06-19 10:12:59,501: 	 Loading required information from the environment
DEBUG 2019-06-19 10:12:59,501: 	 Found CMSSW_9_4_12 for slc6_amd64_gcc630 with base /home/users/rebassoo/work/2019_03_14_AddingCHSJetsProper/CMSSW_9_4_12
DEBUG 2019-06-19 10:12:59,502: 	 Loading required information from the environment
DEBUG 2019-06-19 10:12:59,502: 	 Found CMSSW_9_4_12 for slc6_amd64_gcc630 with base /home/users/rebassoo/work/2019_03_14_AddingCHSJetsProper/CMSSW_9_4_12
DEBUG 2019-06-19 10:12:59,520: 	 UNIQUE NAME: tarUUID bbd8159f-0aca-4272-ae30-d1d8ea4c53b3 
DEBUG 2019-06-19 10:12:59,521: 	 self.config: from WMCore.Configuration import Configuration
config = Configuration()
config.section_('General')
config.General.workArea = 'crab_projects_2019_06_19-MC'
config.General.transferOutputs = True
config.General.transferLogs = True
config.General.requestName = 'DY2JetsToLL_M-50_LHEZpT_250-400'
config.section_('JobType')
config.JobType.psetName = 'ConfFile_cfg.py'
config.JobType.inputFiles = ['2017-JEC-JER/Fall17_17Nov2017B_V32_DATA_L2L3Residual_AK8PFchs.txt', '2017-JEC-JER/Fall17_17Nov2017B_V32_DATA_L2Relative_AK8PFchs.txt', '2017-JEC-JER/Fall17_17Nov2017B_V32_DATA_L3Absolute_AK8PFchs.txt', '2017-JEC-JER/Fall17_17Nov2017C_V32_DATA_L2L3Residual_AK8PFchs.txt', '2017-JEC-JER/Fall17_17Nov2017C_V32_DATA_L2Relative_AK8PFchs.txt', '2017-JEC-JER/Fall17_17Nov2017C_V32_DATA_L3Absolute_AK8PFchs.txt', '2017-JEC-JER/Fall17_17Nov2017DE_V32_DATA_L2L3Residual_AK8PFchs.txt', '2017-JEC-JER/Fall17_17Nov2017DE_V32_DATA_L2Relative_AK8PFchs.txt', '2017-JEC-JER/Fall17_17Nov2017DE_V32_DATA_L3Absolute_AK8PFchs.txt', '2017-JEC-JER/Fall17_17Nov2017F_V32_DATA_L2L3Residual_AK8PFchs.txt', '2017-JEC-JER/Fall17_17Nov2017F_V32_DATA_L2Relative_AK8PFchs.txt', '2017-JEC-JER/Fall17_17Nov2017F_V32_DATA_L3Absolute_AK8PFchs.txt', '2017-JEC-JER/Fall17_17Nov2017_V32_MC_L1FastJet_AK8PFchs.txt', '2017-JEC-JER/Fall17_17Nov2017_V32_MC_L2Relative_AK8PFchs.txt', '2017-JEC-JER/Fall17_17Nov2017_V32_MC_L3Absolute_AK8PFchs.txt', '2017-JEC-JER/Fall17_V3_MC_PtResolution_AK4PFchs.txt', '2017-JEC-JER/Fall17_V3_MC_PtResolution_AK8PFchs.txt', '2017-JEC-JER/Fall17_V3_MC_SF_AK4PFchs.txt', '2017-JEC-JER/Fall17_V3_MC_SF_AK8PFchs.txt', 'PUHistos_data.root', 'PUHistos_mc.root']
config.JobType.pyCfgParams = ['interactive=0', 'pileupName=DY2JetsToLL_M_50_LHEZpT_250_400_TuneCP5_13TeV_amcnloFXFX_pythia8']
config.section_('Data')
config.Data.inputDataset = '/DY2JetsToLL_M-50_LHEZpT_250-400_TuneCP5_13TeV-amcnloFXFX-pythia8/RunIIFall17MiniAODv2-MUOTrackFix_12Apr2018_94X_mc2017_realistic_v14_ext2-v1/MINIAODSIM'
config.Data.unitsPerJob = 5
config.Data.splitting = 'FileBased'
config.Data.outLFNDirBase = '/store/user/rebassoo/'
config.section_('Site')
config.Site.storageSite = 'T2_US_UCSD'
config.section_('User')
config.section_('Debug')

DEBUG 2019-06-19 10:12:59,521: 	 self.config.JobType.psetName: ConfFile_cfg.py
INFO 2019-06-19 10:12:59,522: 	 Importing CMSSW configuration ConfFile_cfg.py
DEBUG 2019-06-19 10:12:59,522: 	 Additional parameters for the CMSSW configuration are: ['interactive=0', 'pileupName=DY2JetsToLL_M_50_LHEZpT_250_400_TuneCP5_13TeV_amcnloFXFX_pythia8']
INFO 2019-06-19 10:13:00,104: 	 Finished importing CMSSW configuration ConfFile_cfg.py
DEBUG 2019-06-19 10:13:00,105: 	 Writing CMSSW configuration to /home/users/rebassoo/work/2019_03_14_AddingCHSJetsProper/CMSSW_9_4_12/src/SlimmedNtupleDilepton/Ntupler/python/CrabDoubleMu/MC/crab_projects_2019_06_19-MC/crab_DY2JetsToLL_M-50_LHEZpT_250-400/inputs/PSet.py
DEBUG 2019-06-19 10:13:00,730: 	 The following EDM output files will be collected: []
DEBUG 2019-06-19 10:13:00,730: 	 The following TFile output files will be collected: ['SlimmedNtuple.root']
DEBUG 2019-06-19 10:13:00,730: 	 The following user output files will be collected: []
DEBUG 2019-06-19 10:13:00,731: 	 Loading required information from the environment
DEBUG 2019-06-19 10:13:00,731: 	 Found CMSSW_9_4_12 for slc6_amd64_gcc630 with base /home/users/rebassoo/work/2019_03_14_AddingCHSJetsProper/CMSSW_9_4_12
DEBUG 2019-06-19 10:13:00,731: 	 Making tarball in /home/users/rebassoo/work/2019_03_14_AddingCHSJetsProper/CMSSW_9_4_12/src/SlimmedNtupleDilepton/Ntupler/python/CrabDoubleMu/MC/crab_projects_2019_06_19-MC/crab_DY2JetsToLL_M-50_LHEZpT_250-400/inputs/bbd8159f-0aca-4272-ae30-d1d8ea4c53b3default.tgz
DEBUG 2019-06-19 10:13:00,731: 	 Checking directory /home/users/rebassoo/work/2019_03_14_AddingCHSJetsProper/CMSSW_9_4_12/lib
DEBUG 2019-06-19 10:13:00,732: 	 Adding directory /home/users/rebassoo/work/2019_03_14_AddingCHSJetsProper/CMSSW_9_4_12/lib to tarball
DEBUG 2019-06-19 10:13:03,750: 	 Checking directory /home/users/rebassoo/work/2019_03_14_AddingCHSJetsProper/CMSSW_9_4_12/biglib
DEBUG 2019-06-19 10:13:03,750: 	 Adding directory /home/users/rebassoo/work/2019_03_14_AddingCHSJetsProper/CMSSW_9_4_12/biglib to tarball
DEBUG 2019-06-19 10:13:03,751: 	 Checking directory /home/users/rebassoo/work/2019_03_14_AddingCHSJetsProper/CMSSW_9_4_12/module
DEBUG 2019-06-19 10:13:03,763: 	 Adding data directory /home/users/rebassoo/work/2019_03_14_AddingCHSJetsProper/CMSSW_9_4_12/src/CondFormats/CTPPSOpticsObjects/data to tarball
DEBUG 2019-06-19 10:13:04,203: 	 Adding data directory /home/users/rebassoo/work/2019_03_14_AddingCHSJetsProper/CMSSW_9_4_12/src/CondFormats/CTPPSOpticsObjects/interface to tarball
DEBUG 2019-06-19 10:13:04,211: 	 Adding data directory /home/users/rebassoo/work/2019_03_14_AddingCHSJetsProper/CMSSW_9_4_12/src/CondFormats/DataRecord/interface to tarball
DEBUG 2019-06-19 10:13:04,461: 	 Adding data directory /home/users/rebassoo/work/2019_03_14_AddingCHSJetsProper/CMSSW_9_4_12/src/CondFormats/RunInfo/interface to tarball
DEBUG 2019-06-19 10:13:04,469: 	 Adding data directory /home/users/rebassoo/work/2019_03_14_AddingCHSJetsProper/CMSSW_9_4_12/src/DataFormats/ProtonReco/interface to tarball
DEBUG 2019-06-19 10:13:04,472: 	 Adding data directory /home/users/rebassoo/work/2019_03_14_AddingCHSJetsProper/CMSSW_9_4_12/src/IOMC/EventVertexGenerators/interface to tarball
DEBUG 2019-06-19 10:13:04,483: 	 Adding data directory /home/users/rebassoo/work/2019_03_14_AddingCHSJetsProper/CMSSW_9_4_12/src/IOMC/ParticleGuns/interface to tarball
DEBUG 2019-06-19 10:13:04,498: 	 Adding data directory /home/users/rebassoo/work/2019_03_14_AddingCHSJetsProper/CMSSW_9_4_12/src/RecoCTPPS/ProtonReconstruction/data to tarball
DEBUG 2019-06-19 10:13:04,527: 	 Adding data directory /home/users/rebassoo/work/2019_03_14_AddingCHSJetsProper/CMSSW_9_4_12/src/RecoCTPPS/ProtonReconstruction/interface to tarball
DEBUG 2019-06-19 10:13:04,544: 	 Adding data directory /home/users/rebassoo/work/2019_03_14_AddingCHSJetsProper/CMSSW_9_4_12/src/RecoCTPPS/TotemRPLocal/interface to tarball
DEBUG 2019-06-19 10:13:04,552: 	 Adding data directory /home/users/rebassoo/work/2019_03_14_AddingCHSJetsProper/CMSSW_9_4_12/src/SimCTPPS/OpticsParameterisation/data to tarball
DEBUG 2019-06-19 10:13:04,563: 	 Adding data directory /home/users/rebassoo/work/2019_03_14_AddingCHSJetsProper/CMSSW_9_4_12/src/Validation/CTPPS/test_2016/rp_positions/data to tarball
DEBUG 2019-06-19 10:13:04,729: 	 Adding data directory /home/users/rebassoo/work/2019_03_14_AddingCHSJetsProper/CMSSW_9_4_12/src/RecoEgamma/ElectronIdentification/data to tarball
DEBUG 2019-06-19 10:13:04,740: 	 Adding data directory /home/users/rebassoo/work/2019_03_14_AddingCHSJetsProper/CMSSW_9_4_12/src/RecoEgamma/ElectronIdentification/interface to tarball
DEBUG 2019-06-19 10:13:04,914: 	 Adding data directory /home/users/rebassoo/work/2019_03_14_AddingCHSJetsProper/CMSSW_9_4_12/src/PhysicsTools/PatAlgos/interface to tarball
DEBUG 2019-06-19 10:13:04,959: 	 Adding data directory /home/users/rebassoo/work/2019_03_14_AddingCHSJetsProper/CMSSW_9_4_12/src/RecoMET/METFilters/data to tarball
DEBUG 2019-06-19 10:13:04,961: 	 Adding data directory /home/users/rebassoo/work/2019_03_14_AddingCHSJetsProper/CMSSW_9_4_12/src/RecoMET/METFilters/interface to tarball
DEBUG 2019-06-19 10:13:05,069: 	 Adding file 2017-JEC-JER/Fall17_17Nov2017B_V32_DATA_L2L3Residual_AK8PFchs.txt to tarball
DEBUG 2019-06-19 10:13:05,069: 	 Adding file 2017-JEC-JER/Fall17_17Nov2017B_V32_DATA_L2Relative_AK8PFchs.txt to tarball
DEBUG 2019-06-19 10:13:05,072: 	 Adding file 2017-JEC-JER/Fall17_17Nov2017B_V32_DATA_L3Absolute_AK8PFchs.txt to tarball
DEBUG 2019-06-19 10:13:05,072: 	 Adding file 2017-JEC-JER/Fall17_17Nov2017C_V32_DATA_L2L3Residual_AK8PFchs.txt to tarball
DEBUG 2019-06-19 10:13:05,073: 	 Adding file 2017-JEC-JER/Fall17_17Nov2017C_V32_DATA_L2Relative_AK8PFchs.txt to tarball
DEBUG 2019-06-19 10:13:05,075: 	 Adding file 2017-JEC-JER/Fall17_17Nov2017C_V32_DATA_L3Absolute_AK8PFchs.txt to tarball
DEBUG 2019-06-19 10:13:05,076: 	 Adding file 2017-JEC-JER/Fall17_17Nov2017DE_V32_DATA_L2L3Residual_AK8PFchs.txt to tarball
DEBUG 2019-06-19 10:13:05,077: 	 Adding file 2017-JEC-JER/Fall17_17Nov2017DE_V32_DATA_L2Relative_AK8PFchs.txt to tarball
DEBUG 2019-06-19 10:13:05,079: 	 Adding file 2017-JEC-JER/Fall17_17Nov2017DE_V32_DATA_L3Absolute_AK8PFchs.txt to tarball
DEBUG 2019-06-19 10:13:05,080: 	 Adding file 2017-JEC-JER/Fall17_17Nov2017F_V32_DATA_L2L3Residual_AK8PFchs.txt to tarball
DEBUG 2019-06-19 10:13:05,080: 	 Adding file 2017-JEC-JER/Fall17_17Nov2017F_V32_DATA_L2Relative_AK8PFchs.txt to tarball
DEBUG 2019-06-19 10:13:05,199: 	 Adding file 2017-JEC-JER/Fall17_17Nov2017F_V32_DATA_L3Absolute_AK8PFchs.txt to tarball
DEBUG 2019-06-19 10:13:05,200: 	 Adding file 2017-JEC-JER/Fall17_17Nov2017_V32_MC_L1FastJet_AK8PFchs.txt to tarball
DEBUG 2019-06-19 10:13:05,201: 	 Adding file 2017-JEC-JER/Fall17_17Nov2017_V32_MC_L2Relative_AK8PFchs.txt to tarball
DEBUG 2019-06-19 10:13:05,203: 	 Adding file 2017-JEC-JER/Fall17_17Nov2017_V32_MC_L3Absolute_AK8PFchs.txt to tarball
DEBUG 2019-06-19 10:13:05,204: 	 Adding file 2017-JEC-JER/Fall17_V3_MC_PtResolution_AK4PFchs.txt to tarball
DEBUG 2019-06-19 10:13:05,205: 	 Adding file 2017-JEC-JER/Fall17_V3_MC_PtResolution_AK8PFchs.txt to tarball
DEBUG 2019-06-19 10:13:05,206: 	 Adding file 2017-JEC-JER/Fall17_V3_MC_SF_AK4PFchs.txt to tarball
DEBUG 2019-06-19 10:13:05,206: 	 Adding file 2017-JEC-JER/Fall17_V3_MC_SF_AK8PFchs.txt to tarball
DEBUG 2019-06-19 10:13:05,207: 	 Adding file PUHistos_data.root to tarball
DEBUG 2019-06-19 10:13:05,208: 	 Adding file PUHistos_mc.root to tarball
DEBUG 2019-06-19 10:13:05,410: 	 Uploading archive /home/users/rebassoo/work/2019_03_14_AddingCHSJetsProper/CMSSW_9_4_12/src/SlimmedNtupleDilepton/Ntupler/python/CrabDoubleMu/MC/crab_projects_2019_06_19-MC/crab_DY2JetsToLL_M-50_LHEZpT_250-400/inputs/bbd8159f-0aca-4272-ae30-d1d8ea4c53b3default.tgz (6.626953.1 MB) to the CRAB cache. Using URI https://cmsweb.cern.ch/crabcache
DEBUG 2019-06-19 10:13:16,418: 	 Loading required information from the environment
DEBUG 2019-06-19 10:13:16,418: 	 Found CMSSW_9_4_12 for slc6_amd64_gcc630 with base /home/users/rebassoo/work/2019_03_14_AddingCHSJetsProper/CMSSW_9_4_12
DEBUG 2019-06-19 10:13:16,419: 	 Making tarball in /home/users/rebassoo/work/2019_03_14_AddingCHSJetsProper/CMSSW_9_4_12/src/SlimmedNtupleDilepton/Ntupler/python/CrabDoubleMu/MC/crab_projects_2019_06_19-MC/crab_DY2JetsToLL_M-50_LHEZpT_250-400/inputs/debugFiles.tgz
DEBUG 2019-06-19 10:13:16,427: 	 Uploading archive /home/users/rebassoo/work/2019_03_14_AddingCHSJetsProper/CMSSW_9_4_12/src/SlimmedNtupleDilepton/Ntupler/python/CrabDoubleMu/MC/crab_projects_2019_06_19-MC/crab_DY2JetsToLL_M-50_LHEZpT_250-400/inputs/debugFiles.tgz (4 KB) to the CRAB cache. Using URI https://cmsweb.cern.ch/crabcache
DEBUG 2019-06-19 10:13:18,491: 	 Result uploading input files: e8883039d53b491d0a09d16de476ab5f3f3edd9c99c0ce00035184569957a040.tar.gz 
WARNING 2019-06-19 10:13:18,491: 	 Warning: The following output files will not be published, as they are not EDM files: ['SlimmedNtuple.root']
INFO 2019-06-19 10:13:18,491: 	 Sending the request to the server
DEBUG 2019-06-19 10:13:18,491: 	 Submitting {'maxjobruntime': 1250, 'extrajdl': [], 'ignorelocality': 0, 'savelogsflag': 1, 'useparent': 0, 'asyncdest': 'T2_US_UCSD', 'algoargs': 5, 'cachefilename': 'e8883039d53b491d0a09d16de476ab5f3f3edd9c99c0ce00035184569957a040.tar.gz', 'numcores': 1, 'addoutputfiles': [], 'generator': 'pythia', 'maxmemory': 2000, 'publishdbsurl': 'https://cmsweb.cern.ch/dbs/prod/phys03/DBSWriter', 'priority': 10, 'jobsw': 'CMSSW_9_4_12', 'edmoutfiles': [], 'userfiles': [], 'primarydataset': '', 'inputdata': '/DY2JetsToLL_M-50_LHEZpT_250-400_TuneCP5_13TeV-amcnloFXFX-pythia8/RunIIFall17MiniAODv2-MUOTrackFix_12Apr2018_94X_mc2017_realistic_v14_ext2-v1/MINIAODSIM', 'lfn': '/store/user/rebassoo/', 'dryrun': 0, 'workflow': 'crab_DY2JetsToLL_M-50_LHEZpT_250-400', 'cacheurl': u'https://cmsweb.cern.ch/crabcache', 'nonprodsw': 0, 'tfileoutfiles': ['SlimmedNtuple.root'], 'oneEventMode': 0, 'debugfilename': '9df598dbaff8aef1258f2c03a9d1d2b681dd8bcadf9f7c0d86f4042a43ca112b.tar.gz', 'saveoutput': 1, 'publication': 1, 'jobarch': 'slc6_amd64_gcc630', 'totalunits': 0, 'splitalgo': 'FileBased', 'ignoreglobalblacklist': 0, 'nonvaliddata': 0, 'dbsurl': 'https://cmsweb.cern.ch/dbs/prod/global/DBSReader', 'publishgroupname': 0, 'jobtype': 'Analysis', 'publishname2': ''} 
DEBUG 2019-06-19 10:13:18,492: 	 Encoded submit request: maxjobruntime=1250&ignorelocality=0&savelogsflag=1&useparent=0&asyncdest=T2_US_UCSD&algoargs=5&cachefilename=e8883039d53b491d0a09d16de476ab5f3f3edd9c99c0ce00035184569957a040.tar.gz&numcores=1&generator=pythia&maxmemory=2000&publishdbsurl=https%3A%2F%2Fcmsweb.cern.ch%2Fdbs%2Fprod%2Fphys03%2FDBSWriter&priority=10&jobsw=CMSSW_9_4_12&primarydataset=&inputdata=%2FDY2JetsToLL_M-50_LHEZpT_250-400_TuneCP5_13TeV-amcnloFXFX-pythia8%2FRunIIFall17MiniAODv2-MUOTrackFix_12Apr2018_94X_mc2017_realistic_v14_ext2-v1%2FMINIAODSIM&lfn=%2Fstore%2Fuser%2Frebassoo%2F&dryrun=0&workflow=crab_DY2JetsToLL_M-50_LHEZpT_250-400&cacheurl=https%3A%2F%2Fcmsweb.cern.ch%2Fcrabcache&nonprodsw=0&oneEventMode=0&debugfilename=9df598dbaff8aef1258f2c03a9d1d2b681dd8bcadf9f7c0d86f4042a43ca112b.tar.gz&saveoutput=1&publication=1&jobarch=slc6_amd64_gcc630&totalunits=0&splitalgo=FileBased&ignoreglobalblacklist=0&nonvaliddata=0&dbsurl=https%3A%2F%2Fcmsweb.cern.ch%2Fdbs%2Fprod%2Fglobal%2FDBSReader&publishgroupname=0&jobtype=Analysis&publishname2=&tfileoutfiles=SlimmedNtuple.root
DEBUG 2019-06-19 10:13:20,717: 	 Result: {u'result': [{u'RequestName': u'190619_171320:rebassoo_crab_DY2JetsToLL_M-50_LHEZpT_250-400'}]}
INFO 2019-06-19 10:13:20,719: 	 Success: Your task has been delivered to the CRAB3 server.
INFO 2019-06-19 10:13:20,720: 	 Task name: 190619_171320:rebassoo_crab_DY2JetsToLL_M-50_LHEZpT_250-400
INFO 2019-06-19 10:13:20,720: 	 Project dir: crab_projects_2019_06_19-MC/crab_DY2JetsToLL_M-50_LHEZpT_250-400
INFO 2019-06-19 10:13:20,720: 	 Please use 'crab status -d crab_projects_2019_06_19-MC/crab_DY2JetsToLL_M-50_LHEZpT_250-400' to check how the submission process proceeds.
DEBUG 2019-06-19 10:13:20,720: 	 About to return
