|---- jetToolbox: Initializing collection... (with postfix )
|---- jetToolBox: Adding these btag discriminators: ['pfCombinedInclusiveSecondaryVertexV2BJetTags'] in the jet collection.
|---- jetToolBox: JETTOOLBOX RUNNING ON MiniAOD FOR AK8 JETS USING CHS
|---- jetToolBox: Applying these corrections: ('AK8PFchs', ['L1FastJet', 'L2Relative', 'L3Absolute'], 'None')
|---- jetToolBox: Running ak8PFJetsCHSPrunedMass, NjettinessAK8CHS.
|---- jetToolBox: Creating selectedPatJetsAK8PFCHS collection.
|---- jetToolbox: Initializing collection... (with postfix )
|---- jetToolBox: Adding these btag discriminators: ['pfCombinedInclusiveSecondaryVertexV2BJetTags'] in the jet collection.
|---- jetToolBox: JETTOOLBOX RUNNING ON MiniAOD FOR AK4 JETS USING CHS
|---- jetToolBox: Applying these corrections: ('AK4PFchs', ['L1FastJet', 'L2Relative', 'L3Absolute'], 'None')
|---- jetToolBox: Running ak4PFJetsCHSPrunedMass, NjettinessAK4CHS.
|---- jetToolBox: Creating selectedPatJetsAK4PFCHS collection.
DEBUG 2019-06-19 11:19:29,206: 	 Executing command: 'submit'
DEBUG 2019-06-19 11:19:29,206: 	 Found CRAB cache file /home/users/rebassoo/.crab3
DEBUG 2019-06-19 11:19:29,215: 	 Checking credentials
DEBUG 2019-06-19 11:19:29,216: 	 Found proxy file /tmp/x509up_u31045
DEBUG 2019-06-19 11:19:29,216: 	 Getting proxy life time left
DEBUG 2019-06-19 11:19:29,321: 	 Executing : 
 command : voms-proxy-info -file /tmp/x509up_u31045 -timeleft
 output : 172688

 error: 
 retcode : 0
DEBUG 2019-06-19 11:19:29,427: 	 Executing : 
 command : voms-proxy-info -file /tmp/x509up_u31045 -actimeleft
 output : 172688

 error: 
 retcode : 0
DEBUG 2019-06-19 11:19:29,428: 	 Proxy valid for 47:58:08 hours
DEBUG 2019-06-19 11:19:29,595: 	 Executing : 
 command : openssl x509 -in ~/.globus/usercert.pem -subject -noout
 output : subject= /DC=ch/DC=cern/OU=Organic Units/OU=Users/CN=rebassoo/CN=673313/CN=Finn O'Neill Rebassoo

 error: 
 retcode : 0
DEBUG 2019-06-19 11:19:29,596: 	 Checking credentials
DEBUG 2019-06-19 11:19:29,596: 	 Found proxy file /tmp/x509up_u31045
DEBUG 2019-06-19 11:19:29,596: 	 Getting proxy life time left
DEBUG 2019-06-19 11:19:29,701: 	 Executing : 
 command : voms-proxy-info -file /tmp/x509up_u31045 -timeleft
 output : 172688

 error: 
 retcode : 0
DEBUG 2019-06-19 11:19:29,807: 	 Executing : 
 command : voms-proxy-info -file /tmp/x509up_u31045 -actimeleft
 output : 172688

 error: 
 retcode : 0
DEBUG 2019-06-19 11:19:29,808: 	 Proxy valid for 47:58:08 hours
DEBUG 2019-06-19 11:19:29,913: 	 Executing : 
 command : env X509_USER_PROXY=/tmp/x509up_u31045 voms-proxy-info -fqan
 output : /cms/Role=NULL/Capability=NULL
/cms/uscms/Role=NULL/Capability=NULL

 error: 
 retcode : 0
DEBUG 2019-06-19 11:19:31,841: 	 Registering user credentials for server /DC=ch/DC=cern/OU=computers/CN=vocms(052|058|030|0118|0105|0109).cern.ch|/DC=ch/DC=cern/OU=computers/CN=crab-(preprod|prod)-tw(02|01).cern.ch
DEBUG 2019-06-19 11:19:31,954: 	 Executing : 
 command : openssl x509 -in ~/.globus/usercert.pem -subject -noout
 output : subject= /DC=ch/DC=cern/OU=Organic Units/OU=Users/CN=rebassoo/CN=673313/CN=Finn O'Neill Rebassoo

 error: 
 retcode : 0
DEBUG 2019-06-19 11:19:31,954: 	 Getting myproxy life time left for myproxy.cern.ch
DEBUG 2019-06-19 11:19:31,954: 	 Calculating hash of /DC=ch/DC=cern/OU=Organic Units/OU=Users/CN=rebassoo/CN=673313/CN=Finn O'Neill Rebassoo_cmsweb.cern.ch for credential name
DEBUG 2019-06-19 11:19:33,863: 	 Executing : 
 command : myproxy-info -l 2cc039343dd1b2d91f9f6b695d1c2e340e98a0d3 -s myproxy.cern.ch
 output : username: 2cc039343dd1b2d91f9f6b695d1c2e340e98a0d3
owner: /DC=ch/DC=cern/OU=Organic Units/OU=Users/CN=rebassoo/CN=673313/CN=Finn O'Neill Rebassoo
  renewal policy: /DC=ch/DC=cern/OU=computers/CN=vocms(052|058|030|0118|0105|0109).cern.ch|/DC=ch/DC=cern/OU=computers/CN=crab-(preprod|prod)-tw(02|01).cern.ch
  trusted retrieval policy: /DC=ch/DC=cern/OU=computers/CN=vocms(052|058|030|0118|0105|0109).cern.ch|/DC=ch/DC=cern/OU=computers/CN=crab-(preprod|prod)-tw(02|01).cern.ch
  timeleft: 717:35:55  (29.9 days)

 error: 
 retcode : 0
DEBUG 2019-06-19 11:19:33,863: 	 Myproxy is valid: 2583355
DEBUG 2019-06-19 11:19:33,864: 	 Command use: submit
DEBUG 2019-06-19 11:19:33,864: 	 Options use: ['--config', <WMCore.Configuration.Configuration object at 0x7fa1f96cdb90>]
DEBUG 2019-06-19 11:19:35,773: 	 CRABClient version: 3.3.1904
DEBUG 2019-06-19 11:19:35,773: 	 Instance is prod
DEBUG 2019-06-19 11:19:35,773: 	 Server base url is cmsweb.cern.ch
DEBUG 2019-06-19 11:19:35,773: 	 Command url /crabserver/prod/workflow
DEBUG 2019-06-19 11:19:35,773: 	 Started submission
DEBUG 2019-06-19 11:19:35,773: 	 Working on /home/users/rebassoo/work/2019_03_14_AddingCHSJetsProper/CMSSW_9_4_12/src/SlimmedNtupleDilepton/NtuplerDilepton/python/CrabDoubleMu/MC/crab_projects_2019_06_19-MC-Fix/crab_DY1JetsToLL_M-50_LHEZpT_400-inf
DEBUG 2019-06-19 11:19:37,847: 	 Loading required information from the environment
DEBUG 2019-06-19 11:19:37,848: 	 Found CMSSW_9_4_12 for slc6_amd64_gcc630 with base /home/users/rebassoo/work/2019_03_14_AddingCHSJetsProper/CMSSW_9_4_12
DEBUG 2019-06-19 11:19:37,848: 	 Loading required information from the environment
DEBUG 2019-06-19 11:19:37,848: 	 Found CMSSW_9_4_12 for slc6_amd64_gcc630 with base /home/users/rebassoo/work/2019_03_14_AddingCHSJetsProper/CMSSW_9_4_12
DEBUG 2019-06-19 11:19:37,866: 	 UNIQUE NAME: tarUUID 04e6a5d4-3819-4227-a4de-f798451609c4 
DEBUG 2019-06-19 11:19:37,867: 	 self.config: from WMCore.Configuration import Configuration
config = Configuration()
config.section_('General')
config.General.workArea = 'crab_projects_2019_06_19-MC-Fix'
config.General.transferOutputs = True
config.General.transferLogs = True
config.General.requestName = 'DY1JetsToLL_M-50_LHEZpT_400-inf'
config.section_('JobType')
config.JobType.psetName = 'ConfFile_cfg.py'
config.JobType.inputFiles = ['2017-JEC-JER/Fall17_17Nov2017B_V32_DATA_L2L3Residual_AK8PFchs.txt', '2017-JEC-JER/Fall17_17Nov2017B_V32_DATA_L2Relative_AK8PFchs.txt', '2017-JEC-JER/Fall17_17Nov2017B_V32_DATA_L3Absolute_AK8PFchs.txt', '2017-JEC-JER/Fall17_17Nov2017C_V32_DATA_L2L3Residual_AK8PFchs.txt', '2017-JEC-JER/Fall17_17Nov2017C_V32_DATA_L2Relative_AK8PFchs.txt', '2017-JEC-JER/Fall17_17Nov2017C_V32_DATA_L3Absolute_AK8PFchs.txt', '2017-JEC-JER/Fall17_17Nov2017DE_V32_DATA_L2L3Residual_AK8PFchs.txt', '2017-JEC-JER/Fall17_17Nov2017DE_V32_DATA_L2Relative_AK8PFchs.txt', '2017-JEC-JER/Fall17_17Nov2017DE_V32_DATA_L3Absolute_AK8PFchs.txt', '2017-JEC-JER/Fall17_17Nov2017F_V32_DATA_L2L3Residual_AK8PFchs.txt', '2017-JEC-JER/Fall17_17Nov2017F_V32_DATA_L2Relative_AK8PFchs.txt', '2017-JEC-JER/Fall17_17Nov2017F_V32_DATA_L3Absolute_AK8PFchs.txt', '2017-JEC-JER/Fall17_17Nov2017_V32_MC_L1FastJet_AK8PFchs.txt', '2017-JEC-JER/Fall17_17Nov2017_V32_MC_L2Relative_AK8PFchs.txt', '2017-JEC-JER/Fall17_17Nov2017_V32_MC_L3Absolute_AK8PFchs.txt', '2017-JEC-JER/Fall17_V3_MC_PtResolution_AK4PFchs.txt', '2017-JEC-JER/Fall17_V3_MC_PtResolution_AK8PFchs.txt', '2017-JEC-JER/Fall17_V3_MC_SF_AK4PFchs.txt', '2017-JEC-JER/Fall17_V3_MC_SF_AK8PFchs.txt', 'PUHistos_data.root', 'PUHistos_mc.root']
config.JobType.pyCfgParams = ['interactive=0', 'pileupName=DY1JetsToLL_M_50_LHEZpT_400_inf_TuneCP5_13TeV_amcnloFXFX_pythia8']
config.section_('Data')
config.Data.inputDataset = '/DY1JetsToLL_M-50_LHEZpT_400-inf_TuneCP5_13TeV-amcnloFXFX-pythia8/RunIIFall17MiniAODv2-MUOTrackFix_12Apr2018_94X_mc2017_realistic_v14_ext2-v1/MINIAODSIM'
config.Data.unitsPerJob = 5
config.Data.splitting = 'FileBased'
config.Data.outLFNDirBase = '/store/user/rebassoo/'
config.section_('Site')
config.Site.storageSite = 'T2_US_UCSD'
config.section_('User')
config.section_('Debug')

DEBUG 2019-06-19 11:19:37,867: 	 self.config.JobType.psetName: ConfFile_cfg.py
INFO 2019-06-19 11:19:37,867: 	 Importing CMSSW configuration ConfFile_cfg.py
DEBUG 2019-06-19 11:19:37,867: 	 Additional parameters for the CMSSW configuration are: ['interactive=0', 'pileupName=DY1JetsToLL_M_50_LHEZpT_400_inf_TuneCP5_13TeV_amcnloFXFX_pythia8']
INFO 2019-06-19 11:19:38,446: 	 Finished importing CMSSW configuration ConfFile_cfg.py
DEBUG 2019-06-19 11:19:38,446: 	 Writing CMSSW configuration to /home/users/rebassoo/work/2019_03_14_AddingCHSJetsProper/CMSSW_9_4_12/src/SlimmedNtupleDilepton/NtuplerDilepton/python/CrabDoubleMu/MC/crab_projects_2019_06_19-MC-Fix/crab_DY1JetsToLL_M-50_LHEZpT_400-inf/inputs/PSet.py
DEBUG 2019-06-19 11:19:39,052: 	 The following EDM output files will be collected: []
DEBUG 2019-06-19 11:19:39,052: 	 The following TFile output files will be collected: ['SlimmedNtuple.root']
DEBUG 2019-06-19 11:19:39,052: 	 The following user output files will be collected: []
DEBUG 2019-06-19 11:19:39,052: 	 Loading required information from the environment
DEBUG 2019-06-19 11:19:39,052: 	 Found CMSSW_9_4_12 for slc6_amd64_gcc630 with base /home/users/rebassoo/work/2019_03_14_AddingCHSJetsProper/CMSSW_9_4_12
DEBUG 2019-06-19 11:19:39,052: 	 Making tarball in /home/users/rebassoo/work/2019_03_14_AddingCHSJetsProper/CMSSW_9_4_12/src/SlimmedNtupleDilepton/NtuplerDilepton/python/CrabDoubleMu/MC/crab_projects_2019_06_19-MC-Fix/crab_DY1JetsToLL_M-50_LHEZpT_400-inf/inputs/04e6a5d4-3819-4227-a4de-f798451609c4default.tgz
DEBUG 2019-06-19 11:19:39,053: 	 Checking directory /home/users/rebassoo/work/2019_03_14_AddingCHSJetsProper/CMSSW_9_4_12/lib
DEBUG 2019-06-19 11:19:39,053: 	 Adding directory /home/users/rebassoo/work/2019_03_14_AddingCHSJetsProper/CMSSW_9_4_12/lib to tarball
DEBUG 2019-06-19 11:19:42,029: 	 Checking directory /home/users/rebassoo/work/2019_03_14_AddingCHSJetsProper/CMSSW_9_4_12/biglib
DEBUG 2019-06-19 11:19:42,029: 	 Adding directory /home/users/rebassoo/work/2019_03_14_AddingCHSJetsProper/CMSSW_9_4_12/biglib to tarball
DEBUG 2019-06-19 11:19:42,030: 	 Checking directory /home/users/rebassoo/work/2019_03_14_AddingCHSJetsProper/CMSSW_9_4_12/module
DEBUG 2019-06-19 11:19:42,076: 	 Adding data directory /home/users/rebassoo/work/2019_03_14_AddingCHSJetsProper/CMSSW_9_4_12/src/CondFormats/CTPPSOpticsObjects/data to tarball
DEBUG 2019-06-19 11:19:42,508: 	 Adding data directory /home/users/rebassoo/work/2019_03_14_AddingCHSJetsProper/CMSSW_9_4_12/src/CondFormats/CTPPSOpticsObjects/interface to tarball
DEBUG 2019-06-19 11:19:42,517: 	 Adding data directory /home/users/rebassoo/work/2019_03_14_AddingCHSJetsProper/CMSSW_9_4_12/src/CondFormats/DataRecord/interface to tarball
DEBUG 2019-06-19 11:19:42,860: 	 Adding data directory /home/users/rebassoo/work/2019_03_14_AddingCHSJetsProper/CMSSW_9_4_12/src/CondFormats/RunInfo/interface to tarball
DEBUG 2019-06-19 11:19:42,873: 	 Adding data directory /home/users/rebassoo/work/2019_03_14_AddingCHSJetsProper/CMSSW_9_4_12/src/DataFormats/ProtonReco/interface to tarball
DEBUG 2019-06-19 11:19:42,877: 	 Adding data directory /home/users/rebassoo/work/2019_03_14_AddingCHSJetsProper/CMSSW_9_4_12/src/IOMC/EventVertexGenerators/interface to tarball
DEBUG 2019-06-19 11:19:42,908: 	 Adding data directory /home/users/rebassoo/work/2019_03_14_AddingCHSJetsProper/CMSSW_9_4_12/src/IOMC/ParticleGuns/interface to tarball
DEBUG 2019-06-19 11:19:42,928: 	 Adding data directory /home/users/rebassoo/work/2019_03_14_AddingCHSJetsProper/CMSSW_9_4_12/src/RecoCTPPS/ProtonReconstruction/data to tarball
DEBUG 2019-06-19 11:19:42,957: 	 Adding data directory /home/users/rebassoo/work/2019_03_14_AddingCHSJetsProper/CMSSW_9_4_12/src/RecoCTPPS/ProtonReconstruction/interface to tarball
DEBUG 2019-06-19 11:19:43,002: 	 Adding data directory /home/users/rebassoo/work/2019_03_14_AddingCHSJetsProper/CMSSW_9_4_12/src/RecoCTPPS/TotemRPLocal/interface to tarball
DEBUG 2019-06-19 11:19:43,013: 	 Adding data directory /home/users/rebassoo/work/2019_03_14_AddingCHSJetsProper/CMSSW_9_4_12/src/SimCTPPS/OpticsParameterisation/data to tarball
DEBUG 2019-06-19 11:19:43,041: 	 Adding data directory /home/users/rebassoo/work/2019_03_14_AddingCHSJetsProper/CMSSW_9_4_12/src/Validation/CTPPS/test_2016/rp_positions/data to tarball
DEBUG 2019-06-19 11:19:43,453: 	 Adding data directory /home/users/rebassoo/work/2019_03_14_AddingCHSJetsProper/CMSSW_9_4_12/src/RecoEgamma/ElectronIdentification/data to tarball
DEBUG 2019-06-19 11:19:43,619: 	 Adding data directory /home/users/rebassoo/work/2019_03_14_AddingCHSJetsProper/CMSSW_9_4_12/src/RecoEgamma/ElectronIdentification/interface to tarball
DEBUG 2019-06-19 11:19:43,665: 	 Adding data directory /home/users/rebassoo/work/2019_03_14_AddingCHSJetsProper/CMSSW_9_4_12/src/PhysicsTools/PatAlgos/interface to tarball
DEBUG 2019-06-19 11:19:43,747: 	 Adding data directory /home/users/rebassoo/work/2019_03_14_AddingCHSJetsProper/CMSSW_9_4_12/src/RecoMET/METFilters/data to tarball
DEBUG 2019-06-19 11:19:43,749: 	 Adding data directory /home/users/rebassoo/work/2019_03_14_AddingCHSJetsProper/CMSSW_9_4_12/src/RecoMET/METFilters/interface to tarball
DEBUG 2019-06-19 11:19:43,944: 	 Adding file 2017-JEC-JER/Fall17_17Nov2017B_V32_DATA_L2L3Residual_AK8PFchs.txt to tarball
DEBUG 2019-06-19 11:19:43,945: 	 Adding file 2017-JEC-JER/Fall17_17Nov2017B_V32_DATA_L2Relative_AK8PFchs.txt to tarball
DEBUG 2019-06-19 11:19:43,949: 	 Adding file 2017-JEC-JER/Fall17_17Nov2017B_V32_DATA_L3Absolute_AK8PFchs.txt to tarball
DEBUG 2019-06-19 11:19:43,951: 	 Adding file 2017-JEC-JER/Fall17_17Nov2017C_V32_DATA_L2L3Residual_AK8PFchs.txt to tarball
DEBUG 2019-06-19 11:19:43,952: 	 Adding file 2017-JEC-JER/Fall17_17Nov2017C_V32_DATA_L2Relative_AK8PFchs.txt to tarball
DEBUG 2019-06-19 11:19:43,956: 	 Adding file 2017-JEC-JER/Fall17_17Nov2017C_V32_DATA_L3Absolute_AK8PFchs.txt to tarball
DEBUG 2019-06-19 11:19:43,957: 	 Adding file 2017-JEC-JER/Fall17_17Nov2017DE_V32_DATA_L2L3Residual_AK8PFchs.txt to tarball
DEBUG 2019-06-19 11:19:43,958: 	 Adding file 2017-JEC-JER/Fall17_17Nov2017DE_V32_DATA_L2Relative_AK8PFchs.txt to tarball
DEBUG 2019-06-19 11:19:43,963: 	 Adding file 2017-JEC-JER/Fall17_17Nov2017DE_V32_DATA_L3Absolute_AK8PFchs.txt to tarball
DEBUG 2019-06-19 11:19:43,964: 	 Adding file 2017-JEC-JER/Fall17_17Nov2017F_V32_DATA_L2L3Residual_AK8PFchs.txt to tarball
DEBUG 2019-06-19 11:19:43,965: 	 Adding file 2017-JEC-JER/Fall17_17Nov2017F_V32_DATA_L2Relative_AK8PFchs.txt to tarball
DEBUG 2019-06-19 11:19:44,083: 	 Adding file 2017-JEC-JER/Fall17_17Nov2017F_V32_DATA_L3Absolute_AK8PFchs.txt to tarball
DEBUG 2019-06-19 11:19:44,084: 	 Adding file 2017-JEC-JER/Fall17_17Nov2017_V32_MC_L1FastJet_AK8PFchs.txt to tarball
DEBUG 2019-06-19 11:19:44,085: 	 Adding file 2017-JEC-JER/Fall17_17Nov2017_V32_MC_L2Relative_AK8PFchs.txt to tarball
DEBUG 2019-06-19 11:19:44,088: 	 Adding file 2017-JEC-JER/Fall17_17Nov2017_V32_MC_L3Absolute_AK8PFchs.txt to tarball
DEBUG 2019-06-19 11:19:44,089: 	 Adding file 2017-JEC-JER/Fall17_V3_MC_PtResolution_AK4PFchs.txt to tarball
DEBUG 2019-06-19 11:19:44,090: 	 Adding file 2017-JEC-JER/Fall17_V3_MC_PtResolution_AK8PFchs.txt to tarball
DEBUG 2019-06-19 11:19:44,091: 	 Adding file 2017-JEC-JER/Fall17_V3_MC_SF_AK4PFchs.txt to tarball
DEBUG 2019-06-19 11:19:44,092: 	 Adding file 2017-JEC-JER/Fall17_V3_MC_SF_AK8PFchs.txt to tarball
DEBUG 2019-06-19 11:19:44,092: 	 Adding file PUHistos_data.root to tarball
DEBUG 2019-06-19 11:19:44,093: 	 Adding file PUHistos_mc.root to tarball
DEBUG 2019-06-19 11:19:44,291: 	 Uploading archive /home/users/rebassoo/work/2019_03_14_AddingCHSJetsProper/CMSSW_9_4_12/src/SlimmedNtupleDilepton/NtuplerDilepton/python/CrabDoubleMu/MC/crab_projects_2019_06_19-MC-Fix/crab_DY1JetsToLL_M-50_LHEZpT_400-inf/inputs/04e6a5d4-3819-4227-a4de-f798451609c4default.tgz (6.632812.1 MB) to the CRAB cache. Using URI https://cmsweb.cern.ch/crabcache
DEBUG 2019-06-19 11:19:55,950: 	 Loading required information from the environment
DEBUG 2019-06-19 11:19:55,950: 	 Found CMSSW_9_4_12 for slc6_amd64_gcc630 with base /home/users/rebassoo/work/2019_03_14_AddingCHSJetsProper/CMSSW_9_4_12
DEBUG 2019-06-19 11:19:55,950: 	 Making tarball in /home/users/rebassoo/work/2019_03_14_AddingCHSJetsProper/CMSSW_9_4_12/src/SlimmedNtupleDilepton/NtuplerDilepton/python/CrabDoubleMu/MC/crab_projects_2019_06_19-MC-Fix/crab_DY1JetsToLL_M-50_LHEZpT_400-inf/inputs/debugFiles.tgz
DEBUG 2019-06-19 11:19:56,028: 	 Uploading archive /home/users/rebassoo/work/2019_03_14_AddingCHSJetsProper/CMSSW_9_4_12/src/SlimmedNtupleDilepton/NtuplerDilepton/python/CrabDoubleMu/MC/crab_projects_2019_06_19-MC-Fix/crab_DY1JetsToLL_M-50_LHEZpT_400-inf/inputs/debugFiles.tgz (4 KB) to the CRAB cache. Using URI https://cmsweb.cern.ch/crabcache
DEBUG 2019-06-19 11:19:58,107: 	 Result uploading input files: 4c5fa5c10a1f796d98f61c5683139e2864ed264fb02c496a22ed2649f0129f97.tar.gz 
WARNING 2019-06-19 11:19:58,108: 	 Warning: The following output files will not be published, as they are not EDM files: ['SlimmedNtuple.root']
INFO 2019-06-19 11:19:58,108: 	 Sending the request to the server
DEBUG 2019-06-19 11:19:58,108: 	 Submitting {'maxjobruntime': 1250, 'extrajdl': [], 'ignorelocality': 0, 'savelogsflag': 1, 'useparent': 0, 'asyncdest': 'T2_US_UCSD', 'algoargs': 5, 'cachefilename': '4c5fa5c10a1f796d98f61c5683139e2864ed264fb02c496a22ed2649f0129f97.tar.gz', 'numcores': 1, 'addoutputfiles': [], 'generator': 'pythia', 'maxmemory': 2000, 'publishdbsurl': 'https://cmsweb.cern.ch/dbs/prod/phys03/DBSWriter', 'priority': 10, 'jobsw': 'CMSSW_9_4_12', 'edmoutfiles': [], 'userfiles': [], 'primarydataset': '', 'inputdata': '/DY1JetsToLL_M-50_LHEZpT_400-inf_TuneCP5_13TeV-amcnloFXFX-pythia8/RunIIFall17MiniAODv2-MUOTrackFix_12Apr2018_94X_mc2017_realistic_v14_ext2-v1/MINIAODSIM', 'lfn': '/store/user/rebassoo/', 'dryrun': 0, 'workflow': 'crab_DY1JetsToLL_M-50_LHEZpT_400-inf', 'cacheurl': u'https://cmsweb.cern.ch/crabcache', 'nonprodsw': 0, 'tfileoutfiles': ['SlimmedNtuple.root'], 'oneEventMode': 0, 'debugfilename': 'ffc6aa6d671cead3d73d24f1fd28dae51a9d1940d6d5d980f39ee055a06df303.tar.gz', 'saveoutput': 1, 'publication': 1, 'jobarch': 'slc6_amd64_gcc630', 'totalunits': 0, 'splitalgo': 'FileBased', 'ignoreglobalblacklist': 0, 'nonvaliddata': 0, 'dbsurl': 'https://cmsweb.cern.ch/dbs/prod/global/DBSReader', 'publishgroupname': 0, 'jobtype': 'Analysis', 'publishname2': ''} 
DEBUG 2019-06-19 11:19:58,109: 	 Encoded submit request: maxjobruntime=1250&ignorelocality=0&savelogsflag=1&useparent=0&asyncdest=T2_US_UCSD&algoargs=5&cachefilename=4c5fa5c10a1f796d98f61c5683139e2864ed264fb02c496a22ed2649f0129f97.tar.gz&numcores=1&generator=pythia&maxmemory=2000&publishdbsurl=https%3A%2F%2Fcmsweb.cern.ch%2Fdbs%2Fprod%2Fphys03%2FDBSWriter&priority=10&jobsw=CMSSW_9_4_12&primarydataset=&inputdata=%2FDY1JetsToLL_M-50_LHEZpT_400-inf_TuneCP5_13TeV-amcnloFXFX-pythia8%2FRunIIFall17MiniAODv2-MUOTrackFix_12Apr2018_94X_mc2017_realistic_v14_ext2-v1%2FMINIAODSIM&lfn=%2Fstore%2Fuser%2Frebassoo%2F&dryrun=0&workflow=crab_DY1JetsToLL_M-50_LHEZpT_400-inf&cacheurl=https%3A%2F%2Fcmsweb.cern.ch%2Fcrabcache&nonprodsw=0&oneEventMode=0&debugfilename=ffc6aa6d671cead3d73d24f1fd28dae51a9d1940d6d5d980f39ee055a06df303.tar.gz&saveoutput=1&publication=1&jobarch=slc6_amd64_gcc630&totalunits=0&splitalgo=FileBased&ignoreglobalblacklist=0&nonvaliddata=0&dbsurl=https%3A%2F%2Fcmsweb.cern.ch%2Fdbs%2Fprod%2Fglobal%2FDBSReader&publishgroupname=0&jobtype=Analysis&publishname2=&tfileoutfiles=SlimmedNtuple.root
DEBUG 2019-06-19 11:20:01,312: 	 Result: {u'result': [{u'RequestName': u'190619_182001:rebassoo_crab_DY1JetsToLL_M-50_LHEZpT_400-inf'}]}
INFO 2019-06-19 11:20:01,314: 	 Success: Your task has been delivered to the CRAB3 server.
INFO 2019-06-19 11:20:01,314: 	 Task name: 190619_182001:rebassoo_crab_DY1JetsToLL_M-50_LHEZpT_400-inf
INFO 2019-06-19 11:20:01,314: 	 Project dir: crab_projects_2019_06_19-MC-Fix/crab_DY1JetsToLL_M-50_LHEZpT_400-inf
INFO 2019-06-19 11:20:01,314: 	 Please use 'crab status -d crab_projects_2019_06_19-MC-Fix/crab_DY1JetsToLL_M-50_LHEZpT_400-inf' to check how the submission process proceeds.
DEBUG 2019-06-19 11:20:01,314: 	 About to return
