/home/users/rebassoo/work/2019_03_14_AddingCHSJetsProper/CMSSW_9_4_12/src/SlimmedNtupleDilepton/Ntupler/python/CrabDoubleMu/Data
|---- jetToolbox: Initializing collection... (with postfix )
|---- jetToolBox: Adding these btag discriminators: ['pfCombinedInclusiveSecondaryVertexV2BJetTags'] in the jet collection.
|---- jetToolBox: JETTOOLBOX RUNNING ON MiniAOD FOR AK8 JETS USING CHS
|---- jetToolBox: Applying these corrections: ('AK8PFchs', ['L1FastJet', 'L2Relative', 'L3Absolute', 'L2L3Residual'], 'None')
|---- jetToolBox: Running ak8PFJetsCHSPrunedMass, NjettinessAK8CHS.
|---- jetToolBox: Creating selectedPatJetsAK8PFCHS collection.
************** MC dependence removal ************
removing MC dependencies for jets
|---- jetToolbox: Initializing collection... (with postfix )
|---- jetToolBox: Adding these btag discriminators: ['pfCombinedInclusiveSecondaryVertexV2BJetTags'] in the jet collection.
|---- jetToolBox: JETTOOLBOX RUNNING ON MiniAOD FOR AK4 JETS USING CHS
|---- jetToolBox: Applying these corrections: ('AK4PFchs', ['L1FastJet', 'L2Relative', 'L3Absolute', 'L2L3Residual'], 'None')
|---- jetToolBox: Running ak4PFJetsCHSPrunedMass, NjettinessAK4CHS.
|---- jetToolBox: Creating selectedPatJetsAK4PFCHS collection.
************** MC dependence removal ************
removing MC dependencies for jets
DEBUG 2019-06-19 08:55:04,301: 	 Executing command: 'submit'
DEBUG 2019-06-19 08:55:04,913: 	 Found CRAB cache file /home/users/rebassoo/.crab3
DEBUG 2019-06-19 08:55:04,942: 	 Checking credentials
DEBUG 2019-06-19 08:55:04,944: 	 Found proxy file /tmp/x509up_u31045
DEBUG 2019-06-19 08:55:04,944: 	 Getting proxy life time left
DEBUG 2019-06-19 08:55:05,047: 	 Executing : 
 command : voms-proxy-info -file /tmp/x509up_u31045 -timeleft
 output : 172069

 error: 
 retcode : 0
DEBUG 2019-06-19 08:55:05,151: 	 Executing : 
 command : voms-proxy-info -file /tmp/x509up_u31045 -actimeleft
 output : 172068

 error: 
 retcode : 0
DEBUG 2019-06-19 08:55:05,152: 	 Proxy lifetime 172069 secs is different from voms extension lifetime 172068 secs for proxy: /tmp/x509up_u31045
DEBUG 2019-06-19 08:55:05,152: 	 Proxy valid for 47:47:48 hours
DEBUG 2019-06-19 08:55:05,300: 	 Executing : 
 command : openssl x509 -in ~/.globus/usercert.pem -subject -noout
 output : subject= /DC=ch/DC=cern/OU=Organic Units/OU=Users/CN=rebassoo/CN=673313/CN=Finn O'Neill Rebassoo

 error: 
 retcode : 0
DEBUG 2019-06-19 08:55:05,300: 	 Checking credentials
DEBUG 2019-06-19 08:55:05,301: 	 Found proxy file /tmp/x509up_u31045
DEBUG 2019-06-19 08:55:05,301: 	 Getting proxy life time left
DEBUG 2019-06-19 08:55:05,404: 	 Executing : 
 command : voms-proxy-info -file /tmp/x509up_u31045 -timeleft
 output : 172068

 error: 
 retcode : 0
DEBUG 2019-06-19 08:55:05,508: 	 Executing : 
 command : voms-proxy-info -file /tmp/x509up_u31045 -actimeleft
 output : 172068

 error: 
 retcode : 0
DEBUG 2019-06-19 08:55:05,509: 	 Proxy valid for 47:47:48 hours
DEBUG 2019-06-19 08:55:05,612: 	 Executing : 
 command : env X509_USER_PROXY=/tmp/x509up_u31045 voms-proxy-info -fqan
 output : /cms/Role=NULL/Capability=NULL
/cms/uscms/Role=NULL/Capability=NULL

 error: 
 retcode : 0
DEBUG 2019-06-19 08:55:07,866: 	 Registering user credentials for server /DC=ch/DC=cern/OU=computers/CN=vocms(052|058|030|0118|0105|0109).cern.ch|/DC=ch/DC=cern/OU=computers/CN=crab-(preprod|prod)-tw(02|01).cern.ch
DEBUG 2019-06-19 08:55:07,974: 	 Executing : 
 command : openssl x509 -in ~/.globus/usercert.pem -subject -noout
 output : subject= /DC=ch/DC=cern/OU=Organic Units/OU=Users/CN=rebassoo/CN=673313/CN=Finn O'Neill Rebassoo

 error: 
 retcode : 0
DEBUG 2019-06-19 08:55:07,975: 	 Getting myproxy life time left for myproxy.cern.ch
DEBUG 2019-06-19 08:55:07,975: 	 Calculating hash of /DC=ch/DC=cern/OU=Organic Units/OU=Users/CN=rebassoo/CN=673313/CN=Finn O'Neill Rebassoo_cmsweb.cern.ch for credential name
DEBUG 2019-06-19 08:55:10,484: 	 Executing : 
 command : myproxy-info -l 2cc039343dd1b2d91f9f6b695d1c2e340e98a0d3 -s myproxy.cern.ch
 output : username: 2cc039343dd1b2d91f9f6b695d1c2e340e98a0d3
owner: /DC=ch/DC=cern/OU=Organic Units/OU=Users/CN=rebassoo/CN=673313/CN=Finn O'Neill Rebassoo
  renewal policy: /DC=ch/DC=cern/OU=computers/CN=vocms(052|058|030|0118|0105|0109).cern.ch|/DC=ch/DC=cern/OU=computers/CN=crab-(preprod|prod)-tw(02|01).cern.ch
  trusted retrieval policy: /DC=ch/DC=cern/OU=computers/CN=vocms(052|058|030|0118|0105|0109).cern.ch|/DC=ch/DC=cern/OU=computers/CN=crab-(preprod|prod)-tw(02|01).cern.ch
  timeleft: 0:00:00

 error: 
 retcode : 0
DEBUG 2019-06-19 08:55:10,485: 	 Myproxy is valid: 0
DEBUG 2019-06-19 08:55:10,589: 	 Executing : 
 command : openssl x509 -noout -in ~/.globus/usercert.pem -dates
 output : notBefore=Dec 18 21:17:27 2018 GMT
notAfter=Jan 22 21:17:27 2020 GMT

 error: 
 retcode : 0
DEBUG 2019-06-19 08:55:11,966: 	 Delegating a myproxy for 720:00 hours
DEBUG 2019-06-19 08:55:11,966: 	 Calculating hash of /DC=ch/DC=cern/OU=Organic Units/OU=Users/CN=rebassoo/CN=673313/CN=Finn O'Neill Rebassoo_cmsweb.cern.ch for credential name
DEBUG 2019-06-19 08:55:30,107: 	 Executing : 
 command : export GT_PROXY_MODE=rfc ; myproxy-init -d -n -s myproxy.cern.ch -x -R '/DC=ch/DC=cern/OU=computers/CN=vocms(052|058|030|0118|0105|0109).cern.ch|/DC=ch/DC=cern/OU=computers/CN=crab-(preprod|prod)-tw(02|01).cern.ch' -x -Z '/DC=ch/DC=cern/OU=computers/CN=vocms(052|058|030|0118|0105|0109).cern.ch|/DC=ch/DC=cern/OU=computers/CN=crab-(preprod|prod)-tw(02|01).cern.ch' -l '2cc039343dd1b2d91f9f6b695d1c2e340e98a0d3' -t 168:00 -c 720:00
 output : Your identity: /DC=ch/DC=cern/OU=Organic Units/OU=Users/CN=rebassoo/CN=673313/CN=Finn O'Neill Rebassoo
Creating proxy ...................... Done
Proxy Verify OK
Your proxy is valid until: Fri Jul 19 08:55:28 2019
A proxy valid for 720 hours (30.0 days) for user 2cc039343dd1b2d91f9f6b695d1c2e340e98a0d3 now exists on myproxy.cern.ch.

 error: 
 retcode : 0
DEBUG 2019-06-19 08:55:30,108: 	 Calculating hash of /DC=ch/DC=cern/OU=Organic Units/OU=Users/CN=rebassoo/CN=673313/CN=Finn O'Neill Rebassoo_cmsweb.cern.ch for credential name
DEBUG 2019-06-19 08:55:31,314: 	 Executing : 
 command : myproxy-info -l 2cc039343dd1b2d91f9f6b695d1c2e340e98a0d3 -s myproxy.cern.ch
 output : username: 2cc039343dd1b2d91f9f6b695d1c2e340e98a0d3
owner: /DC=ch/DC=cern/OU=Organic Units/OU=Users/CN=rebassoo/CN=673313/CN=Finn O'Neill Rebassoo
  renewal policy: /DC=ch/DC=cern/OU=computers/CN=vocms(052|058|030|0118|0105|0109).cern.ch|/DC=ch/DC=cern/OU=computers/CN=crab-(preprod|prod)-tw(02|01).cern.ch
  trusted retrieval policy: /DC=ch/DC=cern/OU=computers/CN=vocms(052|058|030|0118|0105|0109).cern.ch|/DC=ch/DC=cern/OU=computers/CN=crab-(preprod|prod)-tw(02|01).cern.ch
  timeleft: 719:59:57  (30.0 days)

 error: 
 retcode : 0
DEBUG 2019-06-19 08:55:31,314: 	 My-proxy delegated.
DEBUG 2019-06-19 08:55:31,314: 	 Command use: submit
DEBUG 2019-06-19 08:55:31,314: 	 Options use: ['--config', <WMCore.Configuration.Configuration object at 0x7fde5aef8ad0>]
DEBUG 2019-06-19 08:55:33,237: 	 CRABClient version: 3.3.1904
DEBUG 2019-06-19 08:55:33,238: 	 Instance is prod
DEBUG 2019-06-19 08:55:33,238: 	 Server base url is cmsweb.cern.ch
DEBUG 2019-06-19 08:55:33,238: 	 Command url /crabserver/prod/workflow
DEBUG 2019-06-19 08:55:33,238: 	 Started submission
DEBUG 2019-06-19 08:55:33,238: 	 Working on /home/users/rebassoo/work/2019_03_14_AddingCHSJetsProper/CMSSW_9_4_12/src/SlimmedNtupleDilepton/Ntupler/python/CrabDoubleMu/Data/crab_projects_2019_06_19/crab_Run2017B-Dilepton
DEBUG 2019-06-19 08:55:37,385: 	 Loading required information from the environment
DEBUG 2019-06-19 08:55:37,385: 	 Found CMSSW_9_4_12 for slc6_amd64_gcc630 with base /home/users/rebassoo/work/2019_03_14_AddingCHSJetsProper/CMSSW_9_4_12
DEBUG 2019-06-19 08:55:37,385: 	 Loading required information from the environment
DEBUG 2019-06-19 08:55:37,385: 	 Found CMSSW_9_4_12 for slc6_amd64_gcc630 with base /home/users/rebassoo/work/2019_03_14_AddingCHSJetsProper/CMSSW_9_4_12
DEBUG 2019-06-19 08:55:37,404: 	 UNIQUE NAME: tarUUID de028d7b-5367-4ddd-aee6-64d6a4d39ca3 
DEBUG 2019-06-19 08:55:37,405: 	 self.config: from WMCore.Configuration import Configuration
config = Configuration()
config.section_('General')
config.General.workArea = 'crab_projects_2019_06_19'
config.General.transferOutputs = True
config.General.transferLogs = True
config.General.requestName = 'Run2017B-Dilepton'
config.section_('JobType')
config.JobType.psetName = 'ConfFile_cfg.py'
config.JobType.inputFiles = ['2017-JEC-JER/Fall17_17Nov2017B_V32_DATA_L2L3Residual_AK8PFchs.txt', '2017-JEC-JER/Fall17_17Nov2017B_V32_DATA_L2Relative_AK8PFchs.txt', '2017-JEC-JER/Fall17_17Nov2017B_V32_DATA_L3Absolute_AK8PFchs.txt', '2017-JEC-JER/Fall17_17Nov2017C_V32_DATA_L2L3Residual_AK8PFchs.txt', '2017-JEC-JER/Fall17_17Nov2017C_V32_DATA_L2Relative_AK8PFchs.txt', '2017-JEC-JER/Fall17_17Nov2017C_V32_DATA_L3Absolute_AK8PFchs.txt', '2017-JEC-JER/Fall17_17Nov2017DE_V32_DATA_L2L3Residual_AK8PFchs.txt', '2017-JEC-JER/Fall17_17Nov2017DE_V32_DATA_L2Relative_AK8PFchs.txt', '2017-JEC-JER/Fall17_17Nov2017DE_V32_DATA_L3Absolute_AK8PFchs.txt', '2017-JEC-JER/Fall17_17Nov2017F_V32_DATA_L2L3Residual_AK8PFchs.txt', '2017-JEC-JER/Fall17_17Nov2017F_V32_DATA_L2Relative_AK8PFchs.txt', '2017-JEC-JER/Fall17_17Nov2017F_V32_DATA_L3Absolute_AK8PFchs.txt', '2017-JEC-JER/Fall17_17Nov2017_V32_MC_L1FastJet_AK8PFchs.txt', '2017-JEC-JER/Fall17_17Nov2017_V32_MC_L2Relative_AK8PFchs.txt', '2017-JEC-JER/Fall17_17Nov2017_V32_MC_L3Absolute_AK8PFchs.txt', '2017-JEC-JER/Fall17_V3_MC_PtResolution_AK4PFchs.txt', '2017-JEC-JER/Fall17_V3_MC_PtResolution_AK8PFchs.txt', '2017-JEC-JER/Fall17_V3_MC_SF_AK4PFchs.txt', '2017-JEC-JER/Fall17_V3_MC_SF_AK8PFchs.txt']
config.JobType.pyCfgParams = ['era=B', 'interactive=0']
config.section_('Data')
config.Data.inputDataset = '/SingleMuon/Run2017B-31Mar2018-v1/MINIAOD'
config.Data.unitsPerJob = 50
config.Data.lumiMask = 'combined_RPIN_CMS.json'
config.Data.splitting = 'LumiBased'
config.Data.outLFNDirBase = '/store/user/rebassoo/'
config.section_('Site')
config.Site.storageSite = 'T2_US_UCSD'
config.section_('User')
config.section_('Debug')

DEBUG 2019-06-19 08:55:37,405: 	 self.config.JobType.psetName: ConfFile_cfg.py
INFO 2019-06-19 08:55:37,406: 	 Importing CMSSW configuration ConfFile_cfg.py
DEBUG 2019-06-19 08:55:37,406: 	 Additional parameters for the CMSSW configuration are: ['era=B', 'interactive=0']
INFO 2019-06-19 08:56:48,813: 	 Finished importing CMSSW configuration ConfFile_cfg.py
DEBUG 2019-06-19 08:56:48,813: 	 Writing CMSSW configuration to /home/users/rebassoo/work/2019_03_14_AddingCHSJetsProper/CMSSW_9_4_12/src/SlimmedNtupleDilepton/Ntupler/python/CrabDoubleMu/Data/crab_projects_2019_06_19/crab_Run2017B-Dilepton/inputs/PSet.py
DEBUG 2019-06-19 08:56:49,444: 	 The following EDM output files will be collected: []
DEBUG 2019-06-19 08:56:49,444: 	 The following TFile output files will be collected: ['SlimmedNtuple.root']
DEBUG 2019-06-19 08:56:49,444: 	 The following user output files will be collected: []
DEBUG 2019-06-19 08:56:49,444: 	 Loading required information from the environment
DEBUG 2019-06-19 08:56:49,444: 	 Found CMSSW_9_4_12 for slc6_amd64_gcc630 with base /home/users/rebassoo/work/2019_03_14_AddingCHSJetsProper/CMSSW_9_4_12
DEBUG 2019-06-19 08:56:49,444: 	 Making tarball in /home/users/rebassoo/work/2019_03_14_AddingCHSJetsProper/CMSSW_9_4_12/src/SlimmedNtupleDilepton/Ntupler/python/CrabDoubleMu/Data/crab_projects_2019_06_19/crab_Run2017B-Dilepton/inputs/de028d7b-5367-4ddd-aee6-64d6a4d39ca3default.tgz
DEBUG 2019-06-19 08:56:49,806: 	 Checking directory /home/users/rebassoo/work/2019_03_14_AddingCHSJetsProper/CMSSW_9_4_12/lib
DEBUG 2019-06-19 08:56:49,806: 	 Adding directory /home/users/rebassoo/work/2019_03_14_AddingCHSJetsProper/CMSSW_9_4_12/lib to tarball
DEBUG 2019-06-19 08:56:52,937: 	 Checking directory /home/users/rebassoo/work/2019_03_14_AddingCHSJetsProper/CMSSW_9_4_12/biglib
DEBUG 2019-06-19 08:56:52,937: 	 Adding directory /home/users/rebassoo/work/2019_03_14_AddingCHSJetsProper/CMSSW_9_4_12/biglib to tarball
DEBUG 2019-06-19 08:56:52,938: 	 Checking directory /home/users/rebassoo/work/2019_03_14_AddingCHSJetsProper/CMSSW_9_4_12/module
DEBUG 2019-06-19 08:56:53,092: 	 Adding data directory /home/users/rebassoo/work/2019_03_14_AddingCHSJetsProper/CMSSW_9_4_12/src/CondFormats/CTPPSOpticsObjects/data to tarball
DEBUG 2019-06-19 08:56:53,568: 	 Adding data directory /home/users/rebassoo/work/2019_03_14_AddingCHSJetsProper/CMSSW_9_4_12/src/CondFormats/CTPPSOpticsObjects/interface to tarball
DEBUG 2019-06-19 08:56:53,630: 	 Adding data directory /home/users/rebassoo/work/2019_03_14_AddingCHSJetsProper/CMSSW_9_4_12/src/CondFormats/DataRecord/interface to tarball
DEBUG 2019-06-19 08:56:54,358: 	 Adding data directory /home/users/rebassoo/work/2019_03_14_AddingCHSJetsProper/CMSSW_9_4_12/src/CondFormats/RunInfo/interface to tarball
DEBUG 2019-06-19 08:56:54,396: 	 Adding data directory /home/users/rebassoo/work/2019_03_14_AddingCHSJetsProper/CMSSW_9_4_12/src/DataFormats/ProtonReco/interface to tarball
DEBUG 2019-06-19 08:56:54,401: 	 Adding data directory /home/users/rebassoo/work/2019_03_14_AddingCHSJetsProper/CMSSW_9_4_12/src/IOMC/EventVertexGenerators/interface to tarball
DEBUG 2019-06-19 08:56:54,658: 	 Adding data directory /home/users/rebassoo/work/2019_03_14_AddingCHSJetsProper/CMSSW_9_4_12/src/IOMC/ParticleGuns/interface to tarball
DEBUG 2019-06-19 08:56:54,680: 	 Adding data directory /home/users/rebassoo/work/2019_03_14_AddingCHSJetsProper/CMSSW_9_4_12/src/RecoCTPPS/ProtonReconstruction/data to tarball
DEBUG 2019-06-19 08:56:54,738: 	 Adding data directory /home/users/rebassoo/work/2019_03_14_AddingCHSJetsProper/CMSSW_9_4_12/src/RecoCTPPS/ProtonReconstruction/interface to tarball
DEBUG 2019-06-19 08:56:54,769: 	 Adding data directory /home/users/rebassoo/work/2019_03_14_AddingCHSJetsProper/CMSSW_9_4_12/src/RecoCTPPS/TotemRPLocal/interface to tarball
DEBUG 2019-06-19 08:56:54,792: 	 Adding data directory /home/users/rebassoo/work/2019_03_14_AddingCHSJetsProper/CMSSW_9_4_12/src/SimCTPPS/OpticsParameterisation/data to tarball
DEBUG 2019-06-19 08:56:54,815: 	 Adding data directory /home/users/rebassoo/work/2019_03_14_AddingCHSJetsProper/CMSSW_9_4_12/src/Validation/CTPPS/test_2016/rp_positions/data to tarball
DEBUG 2019-06-19 08:56:55,257: 	 Adding data directory /home/users/rebassoo/work/2019_03_14_AddingCHSJetsProper/CMSSW_9_4_12/src/RecoEgamma/ElectronIdentification/data to tarball
DEBUG 2019-06-19 08:56:55,273: 	 Adding data directory /home/users/rebassoo/work/2019_03_14_AddingCHSJetsProper/CMSSW_9_4_12/src/RecoEgamma/ElectronIdentification/interface to tarball
DEBUG 2019-06-19 08:56:55,572: 	 Adding data directory /home/users/rebassoo/work/2019_03_14_AddingCHSJetsProper/CMSSW_9_4_12/src/PhysicsTools/PatAlgos/interface to tarball
DEBUG 2019-06-19 08:56:55,739: 	 Adding data directory /home/users/rebassoo/work/2019_03_14_AddingCHSJetsProper/CMSSW_9_4_12/src/RecoMET/METFilters/data to tarball
DEBUG 2019-06-19 08:56:55,741: 	 Adding data directory /home/users/rebassoo/work/2019_03_14_AddingCHSJetsProper/CMSSW_9_4_12/src/RecoMET/METFilters/interface to tarball
DEBUG 2019-06-19 08:56:55,885: 	 Adding file 2017-JEC-JER/Fall17_17Nov2017B_V32_DATA_L2L3Residual_AK8PFchs.txt to tarball
DEBUG 2019-06-19 08:56:55,886: 	 Adding file 2017-JEC-JER/Fall17_17Nov2017B_V32_DATA_L2Relative_AK8PFchs.txt to tarball
DEBUG 2019-06-19 08:56:55,891: 	 Adding file 2017-JEC-JER/Fall17_17Nov2017B_V32_DATA_L3Absolute_AK8PFchs.txt to tarball
DEBUG 2019-06-19 08:56:55,892: 	 Adding file 2017-JEC-JER/Fall17_17Nov2017C_V32_DATA_L2L3Residual_AK8PFchs.txt to tarball
DEBUG 2019-06-19 08:56:55,893: 	 Adding file 2017-JEC-JER/Fall17_17Nov2017C_V32_DATA_L2Relative_AK8PFchs.txt to tarball
DEBUG 2019-06-19 08:56:55,897: 	 Adding file 2017-JEC-JER/Fall17_17Nov2017C_V32_DATA_L3Absolute_AK8PFchs.txt to tarball
DEBUG 2019-06-19 08:56:55,899: 	 Adding file 2017-JEC-JER/Fall17_17Nov2017DE_V32_DATA_L2L3Residual_AK8PFchs.txt to tarball
DEBUG 2019-06-19 08:56:55,900: 	 Adding file 2017-JEC-JER/Fall17_17Nov2017DE_V32_DATA_L2Relative_AK8PFchs.txt to tarball
DEBUG 2019-06-19 08:56:55,904: 	 Adding file 2017-JEC-JER/Fall17_17Nov2017DE_V32_DATA_L3Absolute_AK8PFchs.txt to tarball
DEBUG 2019-06-19 08:56:55,905: 	 Adding file 2017-JEC-JER/Fall17_17Nov2017F_V32_DATA_L2L3Residual_AK8PFchs.txt to tarball
DEBUG 2019-06-19 08:56:55,906: 	 Adding file 2017-JEC-JER/Fall17_17Nov2017F_V32_DATA_L2Relative_AK8PFchs.txt to tarball
DEBUG 2019-06-19 08:56:56,024: 	 Adding file 2017-JEC-JER/Fall17_17Nov2017F_V32_DATA_L3Absolute_AK8PFchs.txt to tarball
DEBUG 2019-06-19 08:56:56,025: 	 Adding file 2017-JEC-JER/Fall17_17Nov2017_V32_MC_L1FastJet_AK8PFchs.txt to tarball
DEBUG 2019-06-19 08:56:56,026: 	 Adding file 2017-JEC-JER/Fall17_17Nov2017_V32_MC_L2Relative_AK8PFchs.txt to tarball
DEBUG 2019-06-19 08:56:56,028: 	 Adding file 2017-JEC-JER/Fall17_17Nov2017_V32_MC_L3Absolute_AK8PFchs.txt to tarball
DEBUG 2019-06-19 08:56:56,029: 	 Adding file 2017-JEC-JER/Fall17_V3_MC_PtResolution_AK4PFchs.txt to tarball
DEBUG 2019-06-19 08:56:56,030: 	 Adding file 2017-JEC-JER/Fall17_V3_MC_PtResolution_AK8PFchs.txt to tarball
DEBUG 2019-06-19 08:56:56,031: 	 Adding file 2017-JEC-JER/Fall17_V3_MC_SF_AK4PFchs.txt to tarball
DEBUG 2019-06-19 08:56:56,032: 	 Adding file 2017-JEC-JER/Fall17_V3_MC_SF_AK8PFchs.txt to tarball
DEBUG 2019-06-19 08:56:56,219: 	 Uploading archive /home/users/rebassoo/work/2019_03_14_AddingCHSJetsProper/CMSSW_9_4_12/src/SlimmedNtupleDilepton/Ntupler/python/CrabDoubleMu/Data/crab_projects_2019_06_19/crab_Run2017B-Dilepton/inputs/de028d7b-5367-4ddd-aee6-64d6a4d39ca3default.tgz (6.594727.1 MB) to the CRAB cache. Using URI https://cmsweb.cern.ch/crabcache
DEBUG 2019-06-19 08:57:08,387: 	 Loading required information from the environment
DEBUG 2019-06-19 08:57:08,388: 	 Found CMSSW_9_4_12 for slc6_amd64_gcc630 with base /home/users/rebassoo/work/2019_03_14_AddingCHSJetsProper/CMSSW_9_4_12
DEBUG 2019-06-19 08:57:08,388: 	 Making tarball in /home/users/rebassoo/work/2019_03_14_AddingCHSJetsProper/CMSSW_9_4_12/src/SlimmedNtupleDilepton/Ntupler/python/CrabDoubleMu/Data/crab_projects_2019_06_19/crab_Run2017B-Dilepton/inputs/debugFiles.tgz
DEBUG 2019-06-19 08:57:08,396: 	 Uploading archive /home/users/rebassoo/work/2019_03_14_AddingCHSJetsProper/CMSSW_9_4_12/src/SlimmedNtupleDilepton/Ntupler/python/CrabDoubleMu/Data/crab_projects_2019_06_19/crab_Run2017B-Dilepton/inputs/debugFiles.tgz (4 KB) to the CRAB cache. Using URI https://cmsweb.cern.ch/crabcache
DEBUG 2019-06-19 08:57:10,476: 	 Result uploading input files: e323d2ed5d54e9fb1739042dfc1120278734cc710aa551c72063d51de3fb2034.tar.gz 
DEBUG 2019-06-19 08:57:10,476: 	 Attaching lumi mask combined_RPIN_CMS.json to the request
DEBUG 2019-06-19 08:57:10,477: 	 Reading lumi-mask from combined_RPIN_CMS.json
WARNING 2019-06-19 08:57:10,481: 	 Warning: The following output files will not be published, as they are not EDM files: ['SlimmedNtuple.root']
INFO 2019-06-19 08:57:10,481: 	 Sending the request to the server
DEBUG 2019-06-19 08:57:10,481: 	 Submitting {'maxjobruntime': 1250, 'extrajdl': [], 'ignorelocality': 0, 'savelogsflag': 1, 'useparent': 0, 'asyncdest': 'T2_US_UCSD', 'algoargs': 50, 'cachefilename': 'e323d2ed5d54e9fb1739042dfc1120278734cc710aa551c72063d51de3fb2034.tar.gz', 'numcores': 1, 'addoutputfiles': [], 'generator': 'pythia', 'maxmemory': 2000, 'publishdbsurl': 'https://cmsweb.cern.ch/dbs/prod/phys03/DBSWriter', 'priority': 10, 'jobsw': 'CMSSW_9_4_12', 'edmoutfiles': [], 'userfiles': [], 'primarydataset': '', 'inputdata': '/SingleMuon/Run2017B-31Mar2018-v1/MINIAOD', 'lfn': '/store/user/rebassoo/', 'dryrun': 0, 'workflow': 'crab_Run2017B-Dilepton', 'cacheurl': u'https://cmsweb.cern.ch/crabcache', 'runs': [u'297050', u'297056', u'297057', u'297100', u'297101', u'297114', u'297175', u'297176', u'297177', u'297178', u'297215', u'297218', u'297219', u'297224', u'297225', u'297227', u'297292', u'297293', u'297296', u'297308', u'297411', u'297425', u'297426', u'297429', u'297430', u'297467', u'297468', u'297469', u'298996', u'298997', u'299000', u'299042', u'299061', u'299062', u'299064', u'299065', u'299067', u'299096', u'299149', u'299178', u'299180', u'299184', u'299185', u'299327', u'299329', u'299368', u'299369', u'299370', u'299380', u'299381', u'299394', u'299395', u'299396', u'299420', u'299443', u'299450', u'299480', u'299481', u'299593', u'299594', u'299595', u'299597', u'299649', u'300087', u'300107', u'300122', u'300123', u'300155', u'300156', u'300157', u'300226', u'300233', u'300234', u'300235', u'300236', u'300237', u'300238', u'300239', u'300240', u'300280', u'300281', u'300282', u'300283', u'300284', u'300365', u'300366', u'300367', u'300368', u'300369', u'300370', u'300371', u'300372', u'300373', u'300374', u'300375', u'300389', u'300390', u'300391', u'300392', u'300393', u'300394', u'300395', u'300396', u'300397', u'300398', u'300399', u'300400', u'300401', u'300459', u'300461', u'300462', u'300463', u'300464', u'300466', u'300467', u'300497', u'300514', u'300515', u'300516', u'300517', u'300558', u'300560', u'300574', u'300575', u'300576', u'300631', u'300632', u'300633', u'300635', u'300636', u'300674', u'300675', u'300676', u'300742', u'300777', u'300780', u'300806', u'300811', u'300812', u'300816', u'300817', u'301161', u'301165', u'301180', u'301183', u'301281', u'301283', u'301298', u'301323', u'301330', u'301359', u'301384', u'301391', u'301392', u'301393', u'301396', u'301397', u'301398', u'301399', u'301417', u'301472', u'301475', u'301476', u'301519', u'301524', u'301529', u'301530', u'301531', u'301532', u'301567', u'301627', u'301664', u'301665', u'301694', u'301912', u'301913', u'301914', u'301941', u'301959', u'301960', u'301970', u'301984', u'301985', u'301986', u'301987', u'301997', u'301998', u'302019', u'302029', u'302031', u'302033', u'302034', u'302037', u'302038', u'302040', u'302041', u'302042', u'302043', u'302131', u'302159', u'302163', u'302165', u'302225', u'302228', u'302229', u'302240', u'302262', u'302263', u'302277', u'302279', u'302280', u'302322', u'302328', u'302337', u'302342', u'302343', u'302344', u'302350', u'302388', u'302392', u'302393', u'302448', u'302472', u'302473', u'302474', u'302475', u'302476', u'302479', u'302484', u'302485', u'302492', u'302493', u'302494', u'302509', u'302513', u'302523', u'302525', u'302526', u'302548', u'302551', u'302553', u'302554', u'302555', u'302572', u'302573', u'302596', u'302597', u'302634', u'302635', u'302651', u'302654', u'302661', u'302663', u'303825', u'303832', u'303838', u'303885', u'303948', u'303998', u'303999', u'304000', u'304062', u'304119', u'304120', u'304125', u'304144', u'304158', u'304169', u'304170', u'304199', u'304200', u'304204', u'304209', u'304292', u'304333', u'304354', u'304366', u'304446', u'304447', u'304451', u'304505', u'304506', u'304507', u'304508', u'304562', u'304616', u'304625', u'304626', u'304654', u'304655', u'304661', u'304662', u'304663', u'304671', u'304672', u'304737', u'304738', u'304739', u'304740', u'304776', u'304777', u'304778', u'304797', u'305044', u'305045', u'305046', u'305059', u'305062', u'305063', u'305064', u'305081', u'305112', u'305113', u'305114', u'305178', u'305179', u'305180', u'305181', u'305182', u'305183', u'305184', u'305186', u'305188', u'305202', u'305204', u'305207', u'305208', u'305234', u'305236', u'305237', u'305247', u'305248', u'305252', u'305282', u'305310', u'305311', u'305312', u'305313', u'305314', u'305336', u'305338', u'305341', u'305349', u'305350', u'305351', u'305358', u'305364', u'305365', u'305366', u'305376', u'305377', u'305405', u'305406', u'305440', u'305441', u'305516', u'305517', u'305518', u'305586', u'305589', u'305590', u'305636', u'305766', u'305809', u'305814', u'305821', u'305832', u'305840', u'305842', u'305862', u'305898', u'305902', u'305967', u'306029', u'306030', u'306037', u'306038', u'306041', u'306042', u'306048', u'306049', u'306051', u'306091', u'306092', u'306095', u'306121', u'306122', u'306125', u'306126', u'306134', u'306135', u'306138', u'306139', u'306153', u'306154', u'306155', u'306169', u'306170', u'306171', u'306418', u'306419', u'306420', u'306422', u'306423', u'306432', u'306454', u'306455', u'306456', u'306457', u'306458', u'306459', u'306460'], 'lumis': ['12,137,193,775', '64,203', '1,4,14,105,112,377,385,418,424,509,516,878', '270,369,375,379', '1,668,673,697,700,856,862,937,943,1101', '84,99,106,161', '1,75,79,79', '11,120,125,210', '1,158', '1,54,59,334,342,749,754,967,972,1037,1043,1264,1272,1282,1290,1378', '1,47', '1,24', '1,80,85,281,288,579,585,916,921,1429,1436,2004,2010,2637', '10,19,24,138', '1,25', '9,154', '1,125,130,131,136,667,675,750', '1,121,127,144', '1,236,240,401,406,418,425,492', '1,11', '186,705', '1,107,112,153', '1,28,34,84,90,110', '1,72', '1,173', '90,138', '1,74', '1,4,9,70', '112,216', '1,37,47,47', '4,32', '51,55', '66,348', '1,163,166,296', '7,84', '13,248,251,335', '1,434', '44,97', '91,470', '94,107', '5,72', '1,555', '1,120', '1,69', '1,172', '89,167', '1,302', '1,7,47,705', '60,224', '1,45', '21,26', '1,182', '1,81', '46,50', '145,164', '76,88', '130,711', '1,196,199,236,260,479,487,940,943,1037,1061,1257', '95,177,179,892', '1,309', '1,134,138,138', '3,91,93,482', '151,328', '54,59,61,126,128,216,218,232', '25,28,30,47', '61,730,735,924,927,1286', '1,384,387,603', '53,1222', '1,64', '9,1085', '66,448', '82,153', '1,59', '1,181', '11,182', '1,713,716,717', '30,58,62,322', '1,145,148,167,171,207', '1,7,11,46,51,251', '117,150,155,165,178,198,207,222,226,251,255,268,275,345,349,370,381,548,553,607,617,639,663,691', '3,8', '1,9,13,59,73,92,97,114,142,151,156,182', '1,26', '1,22,38,47,50,82,90,98,108,130,133,152,156,250,260,414,420,561,568,585,590,680,691,751', '2,13', '1,14', '1,13', '1,13', '1,13', '1,13', '1,13', '1,8', '1,13', '1,13', '1,93', '60,143', '2,13', '1,13', '1,14', '1,13', '1,13', '1,13', '1,13', '1,13', '1,14', '1,17', '1,672', '19,673', '84,332', '1,88', '1,91', '1,124', '1,103,126,265', '1,643', '1,546', '67,175', '77,150', '1,838,957,1013', '1,109', '1,8,103,623', '8,541', '1,640,645,824', '46,110', '1,76', '7,123,125,1206', '78,220', '1,20', '1,447', '1,23,26,176', '1,335,338,1549', '5,30', '1,25', '1,26', '66,343', '62,509', '3,336', '62,214', '6,505', '1,58', '6,155', '1,33,36,74,80,383,410,465', '54,796', '1,132', '1,92', '3,10,13,303', '71,157', '3,868', '100,949', '59,474,477,966', '59,353', '79,319', '16,476', '67,212', '1,627', '2,18', '1,26', '1,228,231,722', '1,9', '1,94', '66,367', '62,830', '1,12', '1,844', '61,244', '1,110,117,263', '1,49', '1,107', '1,393', '1,590', '35,372', '124,943', '67,438', '1,294,319,487', '72,97', '101,422', '1,55', '1,350', '57,568', '59,1938', '1,129', '6,123', '43,316', '1,360', '1,379', '1,1105', '64,397', '1,1664', '67,86', '1,92', '1,401,403,446,448,675,678,818', '1,40,44,44', '1,12', '18,19', '10,10', '1,168', '1,65', '1,516', '1,216', '75,930', '67,140', '64,671,674,1222', '1,77', '73,133,136,891', '91,293', '1,457', '22,938', '75,464', '1,1241', '45,192,194,391', '1,70', '1,120', '107,840', '71,692', '46,153', '19,72', '1,97', '3,482', '1,119', '53,157,164,699', '76,399', '1,851', '58,312,317,442,445,483,486,1905', '56,808', '1,368', '1,305', '1,2', '1,241', '77,222,225,340', '39,176', '1,922', '10,21,23,54', '1,2', '1,560', '73,92', '65,89', '19,54', '1,677,747,771', '1,582', '77,120', '1,6', '1,187', '1,3', '1,11', '6,286', '1,693,730,1213', '78,534,545,705,710,980', '1,967', '68,73,75,123,125,129,133,165,168,175,177,216,218,358,361,375,378,404,407,423,425,503,505,578,581,594,596,638', '1,22,24,28,30,39,41,53,55,132,134,144,146,265,267,271,274,344,347,357,359,375,378,384,386,414,416,494,497,608,611,634,637,684,687,706,708,724,726,901,904,954,957,982,984,1072,1075,1124,1126,1129,1132,1206,1209,1234,1236,1291', '4,146', '1,317', '15,67', '1,696', '1,156', '105,1334,1338,1899', '83,2025', '100,2021', '87,1119', '86,319', '1,747', '1,56', '94,1979', '111,138,143,146', '1,252', '1,1741', '109,2596,2598,2621', '208,1750,1752,2057', '87,1714,1731,1731', '1,567', '10,14', '1,321', '74,607', '78,98,100,133,135,157,176,253,255,477', '1,1125,1183,1779,1781,1811', '103,1627', '131,295', '76,1387,1390,1396,1399,1402,1404,1407,1409,1412,1414,1416,1419,1421,1424,1826', '64,92,110,111', '1,534,540,1644', '1,54', '80,85', '1,370', '1,235', '1,1308', '71,848', '69,223,227,740,747,1002', '110,534', '1,8', '69,697', '1,1160', '69,143,147,173,175,198,237,237', '1,147', '1,689', '68,1189', '1,50', '87,143', '1,1677', '3,13', '1,253', '64,89', '1,431,438,503', '4,1280', '52,87,91,306,308,377,385,1202,1205,2930', '3,203,302,306,309,310,313,313,318,326', '1,873', '1,658', '81,518,520,573', '1,5', '1,35', '1,2004', '77,1107', '83,1522', '9,67', '1,489', '94,121', '1,17', '1,5', '1,7', '1,5', '1,231,262,262', '1,8', '1,112,120,422', '1,987', '87,132,136,724', '1,1209', '78,1077', '1,372', '75,97', '1,23', '1,16,18,1147', '73,431', '1,952', '1,528', '133,195', '74,157,163,453', '1,153', '1,227', '1,739', '1,370', '57,241', '1,103', '1,500', '1,30', '1,15', '1,813', '106,231,233,249', '68,143', '1,668,676,832', '1,721,724,756,769,1057', '83,168', '9,1292,1294,1383,1386,1525', '65,536,573,573', '1,394,401,520,528,535,540,1460', '40,285', '1,121', '68,518,558,636', '1,163', '1,1111', '106,583', '1,691', '1,500,517,1011', '76,339,342,667,671,2371', '70,848,850,869', '71,197', '105,689,692,978,980,1074,1077,1912', '75,824', '104,266', '1,1141', '1,842', '104,676', '89,779', '67,521', '1,32', '78,94', '1,110', '12,44', '1,138', '1,320', '1,365', '1,136', '1,358', '1,389', '422,619', '1,588,593,976', '1,300', '74,147', '1,127', '1,756,770,2642,2667,3001', '1,472', '73,76', '1,1095', '1,1298', '1,1102', '96,160', '1,251,253,691,709,1231', '1,1440', '1,735', '1,15', '1,482', '1,33,35,67', '1,58', '1,108', '9,123', '1,323', '1,330', '37,97', '1,6', '1,237,239,784', '1,28', '1,17,20,35,37,41,43,47,49,53,56,60,62,66,68,72,74,77,79,83,85,89,93,102,104,108,110,114,116,120,122,126,129,139,141,145,147,151,153,166,169,173,175,179,181,185,187,191,193,197,200,210,212,216,218,222,225,229,231,235,237,241,243,247,249,249,252,256,258,264', '1,512,514,2272', '1,64'], 'nonprodsw': 0, 'tfileoutfiles': ['SlimmedNtuple.root'], 'oneEventMode': 0, 'debugfilename': '294377f6b7b74c2df3491f136c9ad1eb11f84dbebb3edbb14f3aa190eff3335f.tar.gz', 'saveoutput': 1, 'publication': 1, 'jobarch': 'slc6_amd64_gcc630', 'totalunits': 0, 'splitalgo': 'LumiBased', 'ignoreglobalblacklist': 0, 'nonvaliddata': 0, 'dbsurl': 'https://cmsweb.cern.ch/dbs/prod/global/DBSReader', 'publishgroupname': 0, 'jobtype': 'Analysis', 'publishname2': ''} 
DEBUG 2019-06-19 08:57:10,484: 	 Encoded submit request: maxjobruntime=1250&ignorelocality=0&savelogsflag=1&useparent=0&asyncdest=T2_US_UCSD&algoargs=50&cachefilename=e323d2ed5d54e9fb1739042dfc1120278734cc710aa551c72063d51de3fb2034.tar.gz&numcores=1&generator=pythia&maxmemory=2000&publishdbsurl=https%3A%2F%2Fcmsweb.cern.ch%2Fdbs%2Fprod%2Fphys03%2FDBSWriter&priority=10&jobsw=CMSSW_9_4_12&primarydataset=&inputdata=%2FSingleMuon%2FRun2017B-31Mar2018-v1%2FMINIAOD&lfn=%2Fstore%2Fuser%2Frebassoo%2F&dryrun=0&workflow=crab_Run2017B-Dilepton&cacheurl=https%3A%2F%2Fcmsweb.cern.ch%2Fcrabcache&nonprodsw=0&oneEventMode=0&debugfilename=294377f6b7b74c2df3491f136c9ad1eb11f84dbebb3edbb14f3aa190eff3335f.tar.gz&saveoutput=1&publication=1&jobarch=slc6_amd64_gcc630&totalunits=0&splitalgo=LumiBased&ignoreglobalblacklist=0&nonvaliddata=0&dbsurl=https%3A%2F%2Fcmsweb.cern.ch%2Fdbs%2Fprod%2Fglobal%2FDBSReader&publishgroupname=0&jobtype=Analysis&publishname2=&tfileoutfiles=SlimmedNtuple.root&runs=297050&runs=297056&runs=297057&runs=297100&runs=297101&runs=297114&runs=297175&runs=297176&runs=297177&runs=297178&runs=297215&runs=297218&runs=297219&runs=297224&runs=297225&runs=297227&runs=297292&runs=297293&runs=297296&runs=297308&runs=297411&runs=297425&runs=297426&runs=297429&runs=297430&runs=297467&runs=297468&runs=297469&runs=298996&runs=298997&runs=299000&runs=299042&runs=299061&runs=299062&runs=299064&runs=299065&runs=299067&runs=299096&runs=299149&runs=299178&runs=299180&runs=299184&runs=299185&runs=299327&runs=299329&runs=299368&runs=299369&runs=299370&runs=299380&runs=299381&runs=299394&runs=299395&runs=299396&runs=299420&runs=299443&runs=299450&runs=299480&runs=299481&runs=299593&runs=299594&runs=299595&runs=299597&runs=299649&runs=300087&runs=300107&runs=300122&runs=300123&runs=300155&runs=300156&runs=300157&runs=300226&runs=300233&runs=300234&runs=300235&runs=300236&runs=300237&runs=300238&runs=300239&runs=300240&runs=300280&runs=300281&runs=300282&runs=300283&runs=300284&runs=300365&runs=300366&runs=300367&runs=300368&runs=300369&runs=300370&runs=300371&runs=300372&runs=300373&runs=300374&runs=300375&runs=300389&runs=300390&runs=300391&runs=300392&runs=300393&runs=300394&runs=300395&runs=300396&runs=300397&runs=300398&runs=300399&runs=300400&runs=300401&runs=300459&runs=300461&runs=300462&runs=300463&runs=300464&runs=300466&runs=300467&runs=300497&runs=300514&runs=300515&runs=300516&runs=300517&runs=300558&runs=300560&runs=300574&runs=300575&runs=300576&runs=300631&runs=300632&runs=300633&runs=300635&runs=300636&runs=300674&runs=300675&runs=300676&runs=300742&runs=300777&runs=300780&runs=300806&runs=300811&runs=300812&runs=300816&runs=300817&runs=301161&runs=301165&runs=301180&runs=301183&runs=301281&runs=301283&runs=301298&runs=301323&runs=301330&runs=301359&runs=301384&runs=301391&runs=301392&runs=301393&runs=301396&runs=301397&runs=301398&runs=301399&runs=301417&runs=301472&runs=301475&runs=301476&runs=301519&runs=301524&runs=301529&runs=301530&runs=301531&runs=301532&runs=301567&runs=301627&runs=301664&runs=301665&runs=301694&runs=301912&runs=301913&runs=301914&runs=301941&runs=301959&runs=301960&runs=301970&runs=301984&runs=301985&runs=301986&runs=301987&runs=301997&runs=301998&runs=302019&runs=302029&runs=302031&runs=302033&runs=302034&runs=302037&runs=302038&runs=302040&runs=302041&runs=302042&runs=302043&runs=302131&runs=302159&runs=302163&runs=302165&runs=302225&runs=302228&runs=302229&runs=302240&runs=302262&runs=302263&runs=302277&runs=302279&runs=302280&runs=302322&runs=302328&runs=302337&runs=302342&runs=302343&runs=302344&runs=302350&runs=302388&runs=302392&runs=302393&runs=302448&runs=302472&runs=302473&runs=302474&runs=302475&runs=302476&runs=302479&runs=302484&runs=302485&runs=302492&runs=302493&runs=302494&runs=302509&runs=302513&runs=302523&runs=302525&runs=302526&runs=302548&runs=302551&runs=302553&runs=302554&runs=302555&runs=302572&runs=302573&runs=302596&runs=302597&runs=302634&runs=302635&runs=302651&runs=302654&runs=302661&runs=302663&runs=303825&runs=303832&runs=303838&runs=303885&runs=303948&runs=303998&runs=303999&runs=304000&runs=304062&runs=304119&runs=304120&runs=304125&runs=304144&runs=304158&runs=304169&runs=304170&runs=304199&runs=304200&runs=304204&runs=304209&runs=304292&runs=304333&runs=304354&runs=304366&runs=304446&runs=304447&runs=304451&runs=304505&runs=304506&runs=304507&runs=304508&runs=304562&runs=304616&runs=304625&runs=304626&runs=304654&runs=304655&runs=304661&runs=304662&runs=304663&runs=304671&runs=304672&runs=304737&runs=304738&runs=304739&runs=304740&runs=304776&runs=304777&runs=304778&runs=304797&runs=305044&runs=305045&runs=305046&runs=305059&runs=305062&runs=305063&runs=305064&runs=305081&runs=305112&runs=305113&runs=305114&runs=305178&runs=305179&runs=305180&runs=305181&runs=305182&runs=305183&runs=305184&runs=305186&runs=305188&runs=305202&runs=305204&runs=305207&runs=305208&runs=305234&runs=305236&runs=305237&runs=305247&runs=305248&runs=305252&runs=305282&runs=305310&runs=305311&runs=305312&runs=305313&runs=305314&runs=305336&runs=305338&runs=305341&runs=305349&runs=305350&runs=305351&runs=305358&runs=305364&runs=305365&runs=305366&runs=305376&runs=305377&runs=305405&runs=305406&runs=305440&runs=305441&runs=305516&runs=305517&runs=305518&runs=305586&runs=305589&runs=305590&runs=305636&runs=305766&runs=305809&runs=305814&runs=305821&runs=305832&runs=305840&runs=305842&runs=305862&runs=305898&runs=305902&runs=305967&runs=306029&runs=306030&runs=306037&runs=306038&runs=306041&runs=306042&runs=306048&runs=306049&runs=306051&runs=306091&runs=306092&runs=306095&runs=306121&runs=306122&runs=306125&runs=306126&runs=306134&runs=306135&runs=306138&runs=306139&runs=306153&runs=306154&runs=306155&runs=306169&runs=306170&runs=306171&runs=306418&runs=306419&runs=306420&runs=306422&runs=306423&runs=306432&runs=306454&runs=306455&runs=306456&runs=306457&runs=306458&runs=306459&runs=306460&lumis=12%2C137%2C193%2C775&lumis=64%2C203&lumis=1%2C4%2C14%2C105%2C112%2C377%2C385%2C418%2C424%2C509%2C516%2C878&lumis=270%2C369%2C375%2C379&lumis=1%2C668%2C673%2C697%2C700%2C856%2C862%2C937%2C943%2C1101&lumis=84%2C99%2C106%2C161&lumis=1%2C75%2C79%2C79&lumis=11%2C120%2C125%2C210&lumis=1%2C158&lumis=1%2C54%2C59%2C334%2C342%2C749%2C754%2C967%2C972%2C1037%2C1043%2C1264%2C1272%2C1282%2C1290%2C1378&lumis=1%2C47&lumis=1%2C24&lumis=1%2C80%2C85%2C281%2C288%2C579%2C585%2C916%2C921%2C1429%2C1436%2C2004%2C2010%2C2637&lumis=10%2C19%2C24%2C138&lumis=1%2C25&lumis=9%2C154&lumis=1%2C125%2C130%2C131%2C136%2C667%2C675%2C750&lumis=1%2C121%2C127%2C144&lumis=1%2C236%2C240%2C401%2C406%2C418%2C425%2C492&lumis=1%2C11&lumis=186%2C705&lumis=1%2C107%2C112%2C153&lumis=1%2C28%2C34%2C84%2C90%2C110&lumis=1%2C72&lumis=1%2C173&lumis=90%2C138&lumis=1%2C74&lumis=1%2C4%2C9%2C70&lumis=112%2C216&lumis=1%2C37%2C47%2C47&lumis=4%2C32&lumis=51%2C55&lumis=66%2C348&lumis=1%2C163%2C166%2C296&lumis=7%2C84&lumis=13%2C248%2C251%2C335&lumis=1%2C434&lumis=44%2C97&lumis=91%2C470&lumis=94%2C107&lumis=5%2C72&lumis=1%2C555&lumis=1%2C120&lumis=1%2C69&lumis=1%2C172&lumis=89%2C167&lumis=1%2C302&lumis=1%2C7%2C47%2C705&lumis=60%2C224&lumis=1%2C45&lumis=21%2C26&lumis=1%2C182&lumis=1%2C81&lumis=46%2C50&lumis=145%2C164&lumis=76%2C88&lumis=130%2C711&lumis=1%2C196%2C199%2C236%2C260%2C479%2C487%2C940%2C943%2C1037%2C1061%2C1257&lumis=95%2C177%2C179%2C892&lumis=1%2C309&lumis=1%2C134%2C138%2C138&lumis=3%2C91%2C93%2C482&lumis=151%2C328&lumis=54%2C59%2C61%2C126%2C128%2C216%2C218%2C232&lumis=25%2C28%2C30%2C47&lumis=61%2C730%2C735%2C924%2C927%2C1286&lumis=1%2C384%2C387%2C603&lumis=53%2C1222&lumis=1%2C64&lumis=9%2C1085&lumis=66%2C448&lumis=82%2C153&lumis=1%2C59&lumis=1%2C181&lumis=11%2C182&lumis=1%2C713%2C716%2C717&lumis=30%2C58%2C62%2C322&lumis=1%2C145%2C148%2C167%2C171%2C207&lumis=1%2C7%2C11%2C46%2C51%2C251&lumis=117%2C150%2C155%2C165%2C178%2C198%2C207%2C222%2C226%2C251%2C255%2C268%2C275%2C345%2C349%2C370%2C381%2C548%2C553%2C607%2C617%2C639%2C663%2C691&lumis=3%2C8&lumis=1%2C9%2C13%2C59%2C73%2C92%2C97%2C114%2C142%2C151%2C156%2C182&lumis=1%2C26&lumis=1%2C22%2C38%2C47%2C50%2C82%2C90%2C98%2C108%2C130%2C133%2C152%2C156%2C250%2C260%2C414%2C420%2C561%2C568%2C585%2C590%2C680%2C691%2C751&lumis=2%2C13&lumis=1%2C14&lumis=1%2C13&lumis=1%2C13&lumis=1%2C13&lumis=1%2C13&lumis=1%2C13&lumis=1%2C8&lumis=1%2C13&lumis=1%2C13&lumis=1%2C93&lumis=60%2C143&lumis=2%2C13&lumis=1%2C13&lumis=1%2C14&lumis=1%2C13&lumis=1%2C13&lumis=1%2C13&lumis=1%2C13&lumis=1%2C13&lumis=1%2C14&lumis=1%2C17&lumis=1%2C672&lumis=19%2C673&lumis=84%2C332&lumis=1%2C88&lumis=1%2C91&lumis=1%2C124&lumis=1%2C103%2C126%2C265&lumis=1%2C643&lumis=1%2C546&lumis=67%2C175&lumis=77%2C150&lumis=1%2C838%2C957%2C1013&lumis=1%2C109&lumis=1%2C8%2C103%2C623&lumis=8%2C541&lumis=1%2C640%2C645%2C824&lumis=46%2C110&lumis=1%2C76&lumis=7%2C123%2C125%2C1206&lumis=78%2C220&lumis=1%2C20&lumis=1%2C447&lumis=1%2C23%2C26%2C176&lumis=1%2C335%2C338%2C1549&lumis=5%2C30&lumis=1%2C25&lumis=1%2C26&lumis=66%2C343&lumis=62%2C509&lumis=3%2C336&lumis=62%2C214&lumis=6%2C505&lumis=1%2C58&lumis=6%2C155&lumis=1%2C33%2C36%2C74%2C80%2C383%2C410%2C465&lumis=54%2C796&lumis=1%2C132&lumis=1%2C92&lumis=3%2C10%2C13%2C303&lumis=71%2C157&lumis=3%2C868&lumis=100%2C949&lumis=59%2C474%2C477%2C966&lumis=59%2C353&lumis=79%2C319&lumis=16%2C476&lumis=67%2C212&lumis=1%2C627&lumis=2%2C18&lumis=1%2C26&lumis=1%2C228%2C231%2C722&lumis=1%2C9&lumis=1%2C94&lumis=66%2C367&lumis=62%2C830&lumis=1%2C12&lumis=1%2C844&lumis=61%2C244&lumis=1%2C110%2C117%2C263&lumis=1%2C49&lumis=1%2C107&lumis=1%2C393&lumis=1%2C590&lumis=35%2C372&lumis=124%2C943&lumis=67%2C438&lumis=1%2C294%2C319%2C487&lumis=72%2C97&lumis=101%2C422&lumis=1%2C55&lumis=1%2C350&lumis=57%2C568&lumis=59%2C1938&lumis=1%2C129&lumis=6%2C123&lumis=43%2C316&lumis=1%2C360&lumis=1%2C379&lumis=1%2C1105&lumis=64%2C397&lumis=1%2C1664&lumis=67%2C86&lumis=1%2C92&lumis=1%2C401%2C403%2C446%2C448%2C675%2C678%2C818&lumis=1%2C40%2C44%2C44&lumis=1%2C12&lumis=18%2C19&lumis=10%2C10&lumis=1%2C168&lumis=1%2C65&lumis=1%2C516&lumis=1%2C216&lumis=75%2C930&lumis=67%2C140&lumis=64%2C671%2C674%2C1222&lumis=1%2C77&lumis=73%2C133%2C136%2C891&lumis=91%2C293&lumis=1%2C457&lumis=22%2C938&lumis=75%2C464&lumis=1%2C1241&lumis=45%2C192%2C194%2C391&lumis=1%2C70&lumis=1%2C120&lumis=107%2C840&lumis=71%2C692&lumis=46%2C153&lumis=19%2C72&lumis=1%2C97&lumis=3%2C482&lumis=1%2C119&lumis=53%2C157%2C164%2C699&lumis=76%2C399&lumis=1%2C851&lumis=58%2C312%2C317%2C442%2C445%2C483%2C486%2C1905&lumis=56%2C808&lumis=1%2C368&lumis=1%2C305&lumis=1%2C2&lumis=1%2C241&lumis=77%2C222%2C225%2C340&lumis=39%2C176&lumis=1%2C922&lumis=10%2C21%2C23%2C54&lumis=1%2C2&lumis=1%2C560&lumis=73%2C92&lumis=65%2C89&lumis=19%2C54&lumis=1%2C677%2C747%2C771&lumis=1%2C582&lumis=77%2C120&lumis=1%2C6&lumis=1%2C187&lumis=1%2C3&lumis=1%2C11&lumis=6%2C286&lumis=1%2C693%2C730%2C1213&lumis=78%2C534%2C545%2C705%2C710%2C980&lumis=1%2C967&lumis=68%2C73%2C75%2C123%2C125%2C129%2C133%2C165%2C168%2C175%2C177%2C216%2C218%2C358%2C361%2C375%2C378%2C404%2C407%2C423%2C425%2C503%2C505%2C578%2C581%2C594%2C596%2C638&lumis=1%2C22%2C24%2C28%2C30%2C39%2C41%2C53%2C55%2C132%2C134%2C144%2C146%2C265%2C267%2C271%2C274%2C344%2C347%2C357%2C359%2C375%2C378%2C384%2C386%2C414%2C416%2C494%2C497%2C608%2C611%2C634%2C637%2C684%2C687%2C706%2C708%2C724%2C726%2C901%2C904%2C954%2C957%2C982%2C984%2C1072%2C1075%2C1124%2C1126%2C1129%2C1132%2C1206%2C1209%2C1234%2C1236%2C1291&lumis=4%2C146&lumis=1%2C317&lumis=15%2C67&lumis=1%2C696&lumis=1%2C156&lumis=105%2C1334%2C1338%2C1899&lumis=83%2C2025&lumis=100%2C2021&lumis=87%2C1119&lumis=86%2C319&lumis=1%2C747&lumis=1%2C56&lumis=94%2C1979&lumis=111%2C138%2C143%2C146&lumis=1%2C252&lumis=1%2C1741&lumis=109%2C2596%2C2598%2C2621&lumis=208%2C1750%2C1752%2C2057&lumis=87%2C1714%2C1731%2C1731&lumis=1%2C567&lumis=10%2C14&lumis=1%2C321&lumis=74%2C607&lumis=78%2C98%2C100%2C133%2C135%2C157%2C176%2C253%2C255%2C477&lumis=1%2C1125%2C1183%2C1779%2C1781%2C1811&lumis=103%2C1627&lumis=131%2C295&lumis=76%2C1387%2C1390%2C1396%2C1399%2C1402%2C1404%2C1407%2C1409%2C1412%2C1414%2C1416%2C1419%2C1421%2C1424%2C1826&lumis=64%2C92%2C110%2C111&lumis=1%2C534%2C540%2C1644&lumis=1%2C54&lumis=80%2C85&lumis=1%2C370&lumis=1%2C235&lumis=1%2C1308&lumis=71%2C848&lumis=69%2C223%2C227%2C740%2C747%2C1002&lumis=110%2C534&lumis=1%2C8&lumis=69%2C697&lumis=1%2C1160&lumis=69%2C143%2C147%2C173%2C175%2C198%2C237%2C237&lumis=1%2C147&lumis=1%2C689&lumis=68%2C1189&lumis=1%2C50&lumis=87%2C143&lumis=1%2C1677&lumis=3%2C13&lumis=1%2C253&lumis=64%2C89&lumis=1%2C431%2C438%2C503&lumis=4%2C1280&lumis=52%2C87%2C91%2C306%2C308%2C377%2C385%2C1202%2C1205%2C2930&lumis=3%2C203%2C302%2C306%2C309%2C310%2C313%2C313%2C318%2C326&lumis=1%2C873&lumis=1%2C658&lumis=81%2C518%2C520%2C573&lumis=1%2C5&lumis=1%2C35&lumis=1%2C2004&lumis=77%2C1107&lumis=83%2C1522&lumis=9%2C67&lumis=1%2C489&lumis=94%2C121&lumis=1%2C17&lumis=1%2C5&lumis=1%2C7&lumis=1%2C5&lumis=1%2C231%2C262%2C262&lumis=1%2C8&lumis=1%2C112%2C120%2C422&lumis=1%2C987&lumis=87%2C132%2C136%2C724&lumis=1%2C1209&lumis=78%2C1077&lumis=1%2C372&lumis=75%2C97&lumis=1%2C23&lumis=1%2C16%2C18%2C1147&lumis=73%2C431&lumis=1%2C952&lumis=1%2C528&lumis=133%2C195&lumis=74%2C157%2C163%2C453&lumis=1%2C153&lumis=1%2C227&lumis=1%2C739&lumis=1%2C370&lumis=57%2C241&lumis=1%2C103&lumis=1%2C500&lumis=1%2C30&lumis=1%2C15&lumis=1%2C813&lumis=106%2C231%2C233%2C249&lumis=68%2C143&lumis=1%2C668%2C676%2C832&lumis=1%2C721%2C724%2C756%2C769%2C1057&lumis=83%2C168&lumis=9%2C1292%2C1294%2C1383%2C1386%2C1525&lumis=65%2C536%2C573%2C573&lumis=1%2C394%2C401%2C520%2C528%2C535%2C540%2C1460&lumis=40%2C285&lumis=1%2C121&lumis=68%2C518%2C558%2C636&lumis=1%2C163&lumis=1%2C1111&lumis=106%2C583&lumis=1%2C691&lumis=1%2C500%2C517%2C1011&lumis=76%2C339%2C342%2C667%2C671%2C2371&lumis=70%2C848%2C850%2C869&lumis=71%2C197&lumis=105%2C689%2C692%2C978%2C980%2C1074%2C1077%2C1912&lumis=75%2C824&lumis=104%2C266&lumis=1%2C1141&lumis=1%2C842&lumis=104%2C676&lumis=89%2C779&lumis=67%2C521&lumis=1%2C32&lumis=78%2C94&lumis=1%2C110&lumis=12%2C44&lumis=1%2C138&lumis=1%2C320&lumis=1%2C365&lumis=1%2C136&lumis=1%2C358&lumis=1%2C389&lumis=422%2C619&lumis=1%2C588%2C593%2C976&lumis=1%2C300&lumis=74%2C147&lumis=1%2C127&lumis=1%2C756%2C770%2C2642%2C2667%2C3001&lumis=1%2C472&lumis=73%2C76&lumis=1%2C1095&lumis=1%2C1298&lumis=1%2C1102&lumis=96%2C160&lumis=1%2C251%2C253%2C691%2C709%2C1231&lumis=1%2C1440&lumis=1%2C735&lumis=1%2C15&lumis=1%2C482&lumis=1%2C33%2C35%2C67&lumis=1%2C58&lumis=1%2C108&lumis=9%2C123&lumis=1%2C323&lumis=1%2C330&lumis=37%2C97&lumis=1%2C6&lumis=1%2C237%2C239%2C784&lumis=1%2C28&lumis=1%2C17%2C20%2C35%2C37%2C41%2C43%2C47%2C49%2C53%2C56%2C60%2C62%2C66%2C68%2C72%2C74%2C77%2C79%2C83%2C85%2C89%2C93%2C102%2C104%2C108%2C110%2C114%2C116%2C120%2C122%2C126%2C129%2C139%2C141%2C145%2C147%2C151%2C153%2C166%2C169%2C173%2C175%2C179%2C181%2C185%2C187%2C191%2C193%2C197%2C200%2C210%2C212%2C216%2C218%2C222%2C225%2C229%2C231%2C235%2C237%2C241%2C243%2C247%2C249%2C249%2C252%2C256%2C258%2C264&lumis=1%2C512%2C514%2C2272&lumis=1%2C64
DEBUG 2019-06-19 08:57:13,020: 	 Result: {u'result': [{u'RequestName': u'190619_155712:rebassoo_crab_Run2017B-Dilepton'}]}
INFO 2019-06-19 08:57:13,022: 	 Success: Your task has been delivered to the CRAB3 server.
INFO 2019-06-19 08:57:13,023: 	 Task name: 190619_155712:rebassoo_crab_Run2017B-Dilepton
INFO 2019-06-19 08:57:13,023: 	 Project dir: crab_projects_2019_06_19/crab_Run2017B-Dilepton
INFO 2019-06-19 08:57:13,023: 	 Please use 'crab status -d crab_projects_2019_06_19/crab_Run2017B-Dilepton' to check how the submission process proceeds.
DEBUG 2019-06-19 08:57:13,023: 	 About to return
